20240126	20:07:42	d5a0b532-8261-4157-a805-ac8efce5dd83	Error: Not allowed by CORS	OPTIONS	/auth	http://localhost:3001
20240126	20:07:59	14d8c3e8-053a-476e-b97a-86c0bb18a9ff	Error: Not allowed by CORS	OPTIONS	/users	http://localhost:3001
20240126	20:08:04	a3c6ee2c-015f-4961-b85e-6534bef554b7	Error: Not allowed by CORS	OPTIONS	/auth	http://localhost:3001
20240126	20:08:29	6f7d7173-18b9-4fca-85fe-3c4f6a464c91	Error: Not allowed by CORS	GET	/tasks	http://localhost:3001
20240126	20:08:29	ac19e5ea-62db-43d0-8fa1-6a4c9bb09e48	Error: Not allowed by CORS	GET	/users	http://localhost:3001
20240126	20:08:50	b33fad47-33cc-49f0-852b-5a7d2dad3323	Error: Not allowed by CORS	GET	/tasks	http://localhost:3001
20240126	20:09:10	9cffba7e-7ca1-4341-ae2e-00231b3ce9c2	Error: Not allowed by CORS	GET	/tasks	http://localhost:3001
20240126	20:09:30	1cc51fa9-d545-4097-bfa7-9b200d7016dd	Error: Not allowed by CORS	GET	/tasks	http://localhost:3001
20240126	20:09:50	81e6a09b-9719-425f-94a2-8e90d18ed2d7	Error: Not allowed by CORS	GET	/tasks	http://localhost:3001
20240126	20:10:10	c03eb84c-41e2-484b-ba2d-6686a4787b3c	Error: Not allowed by CORS	GET	/tasks	http://localhost:3001
20240126	20:10:31	68ffa801-5590-422d-a566-92ebeb8a288c	Error: Not allowed by CORS	GET	/tasks	http://localhost:3001
20240126	20:10:51	585bd90c-80cc-45c6-854a-16b4006d0e9d	Error: Not allowed by CORS	GET	/tasks	http://localhost:3001
20240126	20:11:11	3269918d-3216-4c70-b758-3402472d0d13	Error: Not allowed by CORS	GET	/tasks	http://localhost:3001
20240126	20:11:31	853d9db2-c8fe-4f40-8a96-5facb9669228	Error: Not allowed by CORS	GET	/tasks	http://localhost:3001
20240126	20:11:51	70758c7f-3330-426c-885e-aa13a392d18e	Error: Not allowed by CORS	GET	/tasks	http://localhost:3001
20240126	20:12:12	254ab3b5-6a6f-4501-a6fa-2543bce8aa84	Error: Not allowed by CORS	GET	/tasks	http://localhost:3001
20240126	20:12:32	d8f3db98-b952-4d93-a741-dd0a36571a84	Error: Not allowed by CORS	GET	/tasks	http://localhost:3001
20240126	20:12:52	d9ea7760-29f9-4924-a136-438b72dc070e	Error: Not allowed by CORS	GET	/tasks	http://localhost:3001
20240126	20:13:12	8d5a4a62-5648-4636-be47-79c554c57bed	Error: Not allowed by CORS	GET	/tasks	http://localhost:3001
20240126	20:13:32	5619f4f9-11f1-4809-96ae-8ecfea5767f8	Error: Not allowed by CORS	GET	/tasks	http://localhost:3001
20240126	20:13:53	1ffa7486-761a-4e5a-a01e-d6bbb6961899	Error: Not allowed by CORS	GET	/tasks	http://localhost:3001
20240126	20:14:13	a12a7e6b-fa68-4a5f-a5af-369109f85306	Error: Not allowed by CORS	GET	/tasks	http://localhost:3001
20240126	20:14:34	764880d4-ffb4-4756-8312-7e4dc6ed763c	Error: Not allowed by CORS	GET	/tasks	http://localhost:3001
20240126	20:14:54	6b67ad42-95d1-43d4-ba98-5a8ad14f5faf	Error: Not allowed by CORS	GET	/tasks	http://localhost:3001
20240126	20:15:14	e4ee5fd5-51d1-4f1f-9db8-f13ec71e8592	Error: Not allowed by CORS	GET	/tasks	http://localhost:3001
20240126	20:15:35	4bded94d-f811-4c73-b849-7f4c08e4bace	Error: Not allowed by CORS	GET	/tasks	http://localhost:3001
20240126	20:15:55	60b94ed3-26b7-4d91-bc62-c27af2271a2f	Error: Not allowed by CORS	GET	/tasks	http://localhost:3001
20240126	20:16:15	f3338165-60dd-4b30-a1b9-e726fd84a1c1	Error: Not allowed by CORS	GET	/tasks	http://localhost:3001
20240126	20:16:35	2733e703-cdae-4f4b-ba89-46e102b3d16e	Error: Not allowed by CORS	GET	/tasks	http://localhost:3001
20240126	20:16:55	58926061-604b-4f7c-bf58-49c94a477009	Error: Not allowed by CORS	GET	/tasks	http://localhost:3001
20240126	20:17:15	7db0f9a7-80a6-4e71-a296-ca54754bafc1	Error: Not allowed by CORS	GET	/tasks	http://localhost:3001
20240126	20:17:36	97ab5eb4-9577-4743-b4c8-f96479067e75	Error: Not allowed by CORS	GET	/tasks	http://localhost:3001
20240126	20:17:56	2b207c36-1f8b-43e0-bf14-673ff0294454	Error: Not allowed by CORS	GET	/tasks	http://localhost:3001
20240126	20:18:16	4e4dfa9a-95b6-4c7c-98e9-c97bf8e2c0b5	Error: Not allowed by CORS	GET	/tasks	http://localhost:3001
20240126	20:18:36	a7181e15-37f6-44ec-948a-5b04e26c5223	Error: Not allowed by CORS	GET	/tasks	http://localhost:3001
20240126	20:18:56	2e4f7038-3c7a-499b-b3f2-aed5eb37e368	Error: Not allowed by CORS	GET	/tasks	http://localhost:3001
20240126	20:19:17	da3e4184-2d82-4edc-8c5e-ef63b06689bb	Error: Not allowed by CORS	GET	/tasks	http://localhost:3001
20240126	20:19:37	5168eb81-1d7d-4889-b665-d9bea30228fb	Error: Not allowed by CORS	GET	/tasks	http://localhost:3001
20240126	20:19:57	6ebdf62c-37b4-4eae-9e0e-d3a9eae35678	Error: Not allowed by CORS	GET	/tasks	http://localhost:3001
20240126	20:20:17	23a6c94f-f813-46f4-b9a0-791efc7d8c2b	Error: Not allowed by CORS	GET	/tasks	http://localhost:3001
20240126	20:20:37	92227cb3-e63e-4827-bf51-8b8feccb2b5a	Error: Not allowed by CORS	GET	/tasks	http://localhost:3001
20240126	20:20:58	09e9a5e8-4f6f-47d7-a053-d71e762a6e1f	Error: Not allowed by CORS	GET	/tasks	http://localhost:3001
20240126	20:21:18	e84268ec-fceb-4de8-9c3c-f4ac867a0235	Error: Not allowed by CORS	GET	/tasks	http://localhost:3001
20240126	20:21:38	ed0f93bb-a979-41b3-8f8d-18a20da00b8d	Error: Not allowed by CORS	GET	/tasks	http://localhost:3001
20240126	20:21:58	7d73636d-e5c3-4bbc-80b4-8cc0d4e4a428	Error: Not allowed by CORS	GET	/tasks	http://localhost:3001
20240126	20:22:18	9f40cede-25c4-484d-8baf-7c5322a62954	Error: Not allowed by CORS	GET	/tasks	http://localhost:3001
20240126	20:22:38	2d5b8f4f-d5f6-4c26-bc0e-907ec8901cb1	Error: Not allowed by CORS	GET	/tasks	http://localhost:3001
20240126	20:22:59	c538f2a4-969a-485a-b0b5-a4ef64e1c3b3	Error: Not allowed by CORS	GET	/tasks	http://localhost:3001
20240126	20:23:19	9f67e872-6969-49fd-989e-74e69b97ee70	Error: Not allowed by CORS	GET	/tasks	http://localhost:3001
20240126	20:23:39	3fbe520b-a90c-4945-a37e-640043e8be12	Error: Not allowed by CORS	GET	/tasks	http://localhost:3001
20240126	20:23:59	5d23b758-46ff-4919-8bb2-31e3c5beb743	Error: Not allowed by CORS	GET	/tasks	http://localhost:3001
20240126	20:24:19	e7f097b7-f555-422f-af41-50b0e1127b49	Error: Not allowed by CORS	GET	/tasks	http://localhost:3001
20240126	20:24:39	b7501396-d091-4eef-b549-ffc1b5de7b47	Error: Not allowed by CORS	GET	/tasks	http://localhost:3001
20240126	20:25:00	ede4460e-0a20-4fa7-bc24-88b9b13fefc6	Error: Not allowed by CORS	GET	/tasks	http://localhost:3001
20240126	20:25:20	e587e5bd-d042-4f9d-85db-c2c04f98731f	Error: Not allowed by CORS	GET	/tasks	http://localhost:3001
20240126	20:25:40	43c925eb-b5d8-4c65-b89a-b8e0535b3b48	Error: Not allowed by CORS	GET	/tasks	http://localhost:3001
20240126	20:26:00	61543018-4fef-4610-a1d2-cc42d687dab4	Error: Not allowed by CORS	GET	/tasks	http://localhost:3001
20240126	20:26:21	df90f65f-3971-429e-9f03-7783030e329c	Error: Not allowed by CORS	GET	/tasks	http://localhost:3001
20240126	20:26:41	1946af1d-2b42-479d-ae81-385f14bb4607	Error: Not allowed by CORS	GET	/tasks	http://localhost:3001
20240126	20:27:01	c8aa92b0-75e1-45a3-9395-ec860572b680	Error: Not allowed by CORS	GET	/tasks	http://localhost:3001
20240126	20:27:06	1018601d-c471-4521-af19-981560eaeb19	Error: Not allowed by CORS	GET	/tasks	http://localhost:3001
20240126	20:27:06	0e8c40bc-949e-4351-9a2e-f7ff1425d504	Error: Not allowed by CORS	GET	/tasks	http://localhost:3001
20240126	21:11:52	560bbf96-d688-4289-9b6e-4dc4e4d6b445	Error: Not allowed by CORS	GET	/tasks	http://localhost:3001
20240126	21:11:52	51a97cc1-e4db-4285-ba22-aae4d6dfc795	Error: Not allowed by CORS	GET	/users	http://localhost:3001
20240126	21:12:05	1c4b5d25-1cc9-4fbb-aafa-101d7c85d803	Error: Not allowed by CORS	GET	/tasks	http://localhost:3001
20240126	21:12:25	b04a5362-cd38-43b8-ab2c-8460e8699005	Error: Not allowed by CORS	GET	/tasks	http://localhost:3001
20240126	21:12:45	4e9b185e-9ec9-46ca-b75e-2b415303d758	Error: Not allowed by CORS	GET	/tasks	http://localhost:3001
20240126	21:13:06	c1706abc-7e0e-4d14-a497-3853e0fc22b8	Error: Not allowed by CORS	GET	/tasks	http://localhost:3001
20240126	21:13:26	27da1763-87ed-49fc-9e7e-3cd8e21e0a37	Error: Not allowed by CORS	GET	/tasks	http://localhost:3001
20240126	21:13:46	ecb0a2c2-3b52-403b-aa33-b8a5103f58ae	Error: Not allowed by CORS	GET	/tasks	http://localhost:3001
20240126	21:14:06	0433e160-3e39-4336-aa6f-36535d7f8e33	Error: Not allowed by CORS	GET	/tasks	http://localhost:3001
20240126	21:14:26	7ae4879b-5cab-4293-b7ab-7eca79a29512	Error: Not allowed by CORS	GET	/tasks	http://localhost:3001
20240126	21:14:47	e79bfaa7-2fa6-460d-afb5-3cbe152d7295	Error: Not allowed by CORS	GET	/tasks	http://localhost:3001
20240126	21:15:07	d88afaa7-49c1-46fa-8d0b-8cf1e09c3214	Error: Not allowed by CORS	GET	/tasks	http://localhost:3001
20240126	21:15:27	7d46c94c-6b15-4176-bdb3-3ef46808fa73	Error: Not allowed by CORS	GET	/tasks	http://localhost:3001
20240126	21:15:47	17e650af-f8f6-4727-ba49-82a67494e44b	Error: Not allowed by CORS	GET	/tasks	http://localhost:3001
20240126	21:16:07	c85d40d2-967d-40bf-b4ab-9bc3ab11de4c	Error: Not allowed by CORS	GET	/tasks	http://localhost:3001
20240126	21:16:28	17016bc1-675c-4546-980a-e441c9e5ccef	Error: Not allowed by CORS	GET	/tasks	http://localhost:3001
20240126	21:16:48	cd0d3f84-50f1-428b-95da-e2867c8c4389	Error: Not allowed by CORS	GET	/tasks	http://localhost:3001
20240126	21:17:09	2824abb2-96e5-4b22-90e0-2bfbb93904d9	Error: Not allowed by CORS	GET	/tasks	http://localhost:3001
20240126	21:17:29	1220b5dd-0c7e-4f3d-a9ad-980826591a46	Error: Not allowed by CORS	GET	/tasks	http://localhost:3001
20240126	21:17:49	bba27422-dd5b-4284-92d1-a281a0ccce5e	Error: Not allowed by CORS	GET	/tasks	http://localhost:3001
20240126	21:18:10	3bda7654-70b0-44b6-961f-3fd2badeff70	Error: Not allowed by CORS	GET	/tasks	http://localhost:3001
20240126	21:18:30	059c26ab-062f-462d-a3bf-642000ba2c07	Error: Not allowed by CORS	GET	/tasks	http://localhost:3001
20240126	21:18:50	5072144b-81a6-4ebb-ad15-a353b9c86fe0	Error: Not allowed by CORS	GET	/tasks	http://localhost:3001
20240126	21:19:10	47529495-d5fb-4e96-82d5-bf330f4b7eba	Error: Not allowed by CORS	GET	/tasks	http://localhost:3001
20240126	21:19:30	f8e4f978-1ded-43bc-bc0f-ad6fa75da27a	Error: Not allowed by CORS	GET	/tasks	http://localhost:3001
20240126	21:19:50	d460c04d-4f26-4514-b5be-2982e522528c	Error: Not allowed by CORS	GET	/tasks	http://localhost:3001
20240126	21:20:07	b599bf41-6fef-4966-a88b-166fe1e4e316	Error: Not allowed by CORS	GET	/tasks	http://localhost:3001
20240126	21:20:27	6c1a16c0-5c13-46ff-ad48-7e0428bc16ae	Error: Not allowed by CORS	GET	/tasks	http://localhost:3001
20240126	21:20:47	d1c5f828-b586-430e-b452-fdc47922f95a	Error: Not allowed by CORS	GET	/tasks	http://localhost:3001
20240126	21:20:48	045f3f77-32dd-4de7-8a91-cec6eb7b25a8	Error: Not allowed by CORS	GET	/tasks	http://localhost:3001
20240126	21:21:08	9dc9dce1-3288-4a61-8f99-85975292c5ea	Error: Not allowed by CORS	GET	/tasks	http://localhost:3001
20240126	21:21:23	bdfa9574-950d-4d67-9f74-cf38b4cddcb4	Error: Not allowed by CORS	GET	/tasks	http://localhost:3001
20240126	21:21:44	3d04b78a-9a53-43c1-8eaa-07fdef226e63	Error: Not allowed by CORS	GET	/tasks	http://localhost:3001
20240126	21:22:04	45c0f918-22b3-4ba5-925b-219d9c85e775	Error: Not allowed by CORS	GET	/tasks	http://localhost:3001
20240126	21:22:09	c40e3819-05e6-4c51-a989-8903e357b0fc	Error: Not allowed by CORS	GET	/tasks	http://localhost:3001
20240126	21:22:29	af886a17-1bad-4953-8160-35748bf420bf	Error: Not allowed by CORS	GET	/tasks	http://localhost:3001
20240126	21:22:49	2669dcf8-aa1d-4c71-bca3-f7424ea29d3c	Error: Not allowed by CORS	GET	/tasks	http://localhost:3001
20240126	21:22:56	32579014-1c6f-431f-8970-238387561176	Error: Not allowed by CORS	GET	/tasks	http://localhost:3001
20240126	21:23:01	5d2d4292-422f-4b05-9b16-a720d38a4f16	Error: Not allowed by CORS	GET	/tasks	http://localhost:3001
20240126	21:23:03	76e4f1b8-a28f-4d35-8397-d6458b5c0b98	Error: Not allowed by CORS	POST	/auth/logout	http://localhost:3001
20240126	21:37:11	1e17128e-deae-4773-b728-76ef35753dea	Error: Not allowed by CORS	GET	/tasks	http://localhost:3001
20240126	21:37:11	2385085c-5333-4e31-b9a3-816a43c71bf1	Error: Not allowed by CORS	GET	/users	http://localhost:3001
20240126	21:37:18	d40cab65-3e01-4f0b-bcf0-6f3a16d68410	Error: Not allowed by CORS	GET	/tasks	http://localhost:3001
20240126	21:37:23	ef5cbb61-11b3-4922-b1f2-71ec7fe4fe7d	Error: Not allowed by CORS	GET	/tasks	http://localhost:3001
20240126	21:37:26	106ef7d7-ecb2-44b5-b6c5-78a02da2118b	Error: Not allowed by CORS	GET	/tasks	http://localhost:3001
20240126	21:37:36	bbc22a15-e479-4b52-8f5e-394d6cf94a7f	Error: Not allowed by CORS	GET	/tasks	http://localhost:3001
20240126	21:37:38	587e44eb-0283-4904-8daa-63bb840fcd38	Error: Not allowed by CORS	GET	/tasks	http://localhost:3001
20240126	21:37:40	8eece072-c9c7-44a9-89db-8744a03ad2d9	Error: Not allowed by CORS	GET	/tasks	http://localhost:3001
20240126	21:38:01	a3e24221-3227-49fd-990f-789966190127	Error: Not allowed by CORS	GET	/tasks	http://localhost:3001
20240126	21:38:14	daf7c23e-717b-4804-a032-65c64b46d3e4	Error: Not allowed by CORS	GET	/tasks	http://localhost:3001
20240126	21:38:18	8738e0cd-1810-4e15-ae60-f3a022acc02c	Error: Not allowed by CORS	GET	/tasks	http://localhost:3001
20240126	21:38:21	05bf1e79-89c0-4cbf-b060-c963c6e3bc1f	Error: Not allowed by CORS	GET	/tasks	http://localhost:3001
20240126	21:38:31	136f43a1-184a-4dd4-9a4f-079b177d6303	Error: Not allowed by CORS	GET	/tasks	http://localhost:3001
20240126	21:38:41	15afca80-ba02-41bb-9d41-649ffaa0f077	Error: Not allowed by CORS	GET	/tasks	http://localhost:3001
20240126	21:38:47	e9bedca3-7247-464b-b206-606840725a2f	Error: Not allowed by CORS	GET	/tasks	http://localhost:3001
20240126	21:38:52	5ecb9159-0468-459f-8ef7-9d1468d158f4	Error: Not allowed by CORS	GET	/tasks	http://localhost:3001
20240126	21:38:54	a5dd6187-cb58-4006-a281-9a38d1d30038	Error: Not allowed by CORS	GET	/tasks	http://localhost:3001
20240126	21:38:55	ceadd8ef-198f-4ea0-b39b-980a66bc44d1	Error: Not allowed by CORS	GET	/tasks	http://localhost:3001
20240126	21:39:15	27cb7f2a-9f69-4c4e-8259-a5080ac90e16	Error: Not allowed by CORS	GET	/tasks	http://localhost:3001
20240126	21:39:21	5065e46f-9b0b-4b65-864f-f2ffa0480b77	Error: Not allowed by CORS	GET	/tasks	http://localhost:3001
20240126	21:39:41	a1cf541c-0168-4a0c-8e72-bbd8d6491a5f	Error: Not allowed by CORS	GET	/tasks	http://localhost:3001
20240126	21:40:01	798a3d97-f0f9-4691-b04b-f862a480e3c7	Error: Not allowed by CORS	GET	/tasks	http://localhost:3001
20240126	21:40:21	e3a9e7fd-54b2-4b37-b696-36beb933ab7d	Error: Not allowed by CORS	GET	/tasks	http://localhost:3001
20240126	21:40:41	5ff9e44e-36a2-4624-bf07-d139771e7e19	Error: Not allowed by CORS	GET	/tasks	http://localhost:3001
20240126	21:41:01	c89aac09-4dd9-4732-abeb-707cd2d3eb35	Error: Not allowed by CORS	GET	/tasks	http://localhost:3001
20240126	21:41:21	53ce881c-e948-4d8b-a771-be311a81acc8	Error: Not allowed by CORS	GET	/tasks	http://localhost:3001
20240126	21:41:41	2aa99a7c-d089-4c07-8930-c24cdceb3fcf	Error: Not allowed by CORS	GET	/tasks	http://localhost:3001
20240126	21:42:01	552e09f4-5cad-42b2-add1-ab5a3ed5c64e	Error: Not allowed by CORS	GET	/tasks	http://localhost:3001
20240126	21:42:21	1157b89e-7779-4175-9f9d-59e36cbe672c	Error: Not allowed by CORS	GET	/tasks	http://localhost:3001
20240126	21:42:41	891d786e-ad8e-453e-9224-46add12ca290	Error: Not allowed by CORS	GET	/tasks	http://localhost:3001
20240126	21:43:01	7ada46b4-8a89-489e-ba95-11e0f731ac32	Error: Not allowed by CORS	GET	/tasks	http://localhost:3001
20240126	21:43:21	31b91f8c-668f-4907-a242-defa836c20f8	Error: Not allowed by CORS	GET	/tasks	http://localhost:3001
20240126	21:43:41	843b4578-7a15-42a1-a77d-6b58baa9d4f3	Error: Not allowed by CORS	GET	/tasks	http://localhost:3001
20240126	21:44:01	960277e3-f649-4d7b-b69c-2bdc77352d34	Error: Not allowed by CORS	GET	/tasks	http://localhost:3001
20240126	21:44:21	971de13b-ce0b-45c1-84f4-9e9cb5c0cbd0	Error: Not allowed by CORS	GET	/tasks	http://localhost:3001
20240126	21:44:41	3774f7ed-b282-4eb0-bed0-30e85851e9c3	Error: Not allowed by CORS	GET	/tasks	http://localhost:3001
20240126	21:45:01	d2c489c7-65cd-4fac-886a-7b27ee7519a8	Error: Not allowed by CORS	GET	/tasks	http://localhost:3001
20240126	21:45:21	2ef9e1f6-dd58-4329-ac74-5f02710c04ed	Error: Not allowed by CORS	GET	/tasks	http://localhost:3001
20240126	21:45:41	d4d40a12-069c-471d-98e0-50ca1bbdb04c	Error: Not allowed by CORS	GET	/tasks	http://localhost:3001
20240126	21:46:01	034a025a-9d9c-4643-836d-e12c2d3cafd2	Error: Not allowed by CORS	GET	/tasks	http://localhost:3001
20240126	21:46:21	3afdfad7-dba4-410b-b817-a98a0758f033	Error: Not allowed by CORS	GET	/tasks	http://localhost:3001
20240126	21:46:41	8b0eac0b-ab08-489f-85e0-afb72d992d1b	Error: Not allowed by CORS	GET	/tasks	http://localhost:3001
20240126	21:47:01	7bc073c8-c32c-4db8-be7c-a829945c3024	Error: Not allowed by CORS	GET	/tasks	http://localhost:3001
20240126	21:47:21	82799466-eb46-46c5-9a6b-6821f593fff8	Error: Not allowed by CORS	GET	/tasks	http://localhost:3001
20240126	21:47:41	37427dd3-39c6-47ee-837f-3d48830812b2	Error: Not allowed by CORS	GET	/tasks	http://localhost:3001
20240126	21:48:01	54b787f1-a6ec-45fb-bfa9-c0a7242d643a	Error: Not allowed by CORS	GET	/tasks	http://localhost:3001
20240126	21:48:21	5b92c09f-24ac-40eb-b2fb-110a02271d84	Error: Not allowed by CORS	GET	/tasks	http://localhost:3001
20240126	21:48:43	ee2dddb3-1302-442c-8cb5-2cdbfb4e6554	Error: Not allowed by CORS	GET	/tasks	http://localhost:3001
20240126	21:49:03	abd2064f-a1c2-497b-b064-0b2ddd54284d	Error: Not allowed by CORS	GET	/tasks	http://localhost:3001
20240126	21:49:23	d7dd201b-07aa-4e13-bc5f-9db6debd4863	Error: Not allowed by CORS	GET	/tasks	http://localhost:3001
20240126	21:49:43	f23c062e-dee1-43b3-a35a-e8b1260174aa	Error: Not allowed by CORS	GET	/tasks	http://localhost:3001
20240126	21:50:03	c221aae9-ab00-417b-bf0b-503ad5b3c3fa	Error: Not allowed by CORS	GET	/tasks	http://localhost:3001
20240126	21:50:23	70ce2fac-36b6-41d3-9989-ea29a8dab2a2	Error: Not allowed by CORS	GET	/tasks	http://localhost:3001
20240126	21:50:43	2c1682f4-cf0b-4b42-9c8d-c331cba03d99	Error: Not allowed by CORS	GET	/tasks	http://localhost:3001
20240126	21:51:03	53a0efb9-50a6-4736-8a9f-a2ffee7abc56	Error: Not allowed by CORS	GET	/tasks	http://localhost:3001
20240126	21:51:23	dde5d1dc-d494-43c5-8d7d-0ff3e44de836	Error: Not allowed by CORS	GET	/tasks	http://localhost:3001
20240126	21:51:43	899f9a9a-b5e9-4ead-98ce-e45af7ab57e6	Error: Not allowed by CORS	GET	/tasks	http://localhost:3001
20240126	21:52:03	b99308fc-a087-4957-bc1a-380512daf2b4	Error: Not allowed by CORS	GET	/tasks	http://localhost:3001
20240126	21:52:23	87e3a32d-f1b9-4ee4-83b6-2ae6137da945	Error: Not allowed by CORS	GET	/tasks	http://localhost:3001
20240126	21:52:43	e54ac9eb-2ed4-4688-bc87-48d6f8458ec6	Error: Not allowed by CORS	GET	/tasks	http://localhost:3001
20240126	21:53:05	7ccdcc59-a840-498f-8549-73fd719a7a0e	Error: Not allowed by CORS	GET	/tasks	http://localhost:3001
20240126	21:53:25	e001b9a5-ddf2-42be-bf28-9323c6a4c1c6	Error: Not allowed by CORS	GET	/tasks	http://localhost:3001
20240126	21:53:45	23d5657b-10ca-4806-9e6a-7b36048916bf	Error: Not allowed by CORS	GET	/tasks	http://localhost:3001
20240126	21:54:05	806c4c7c-a9ae-4c71-a783-c9bdecdf1c1b	Error: Not allowed by CORS	GET	/tasks	http://localhost:3001
20240126	21:54:25	ef0c8f73-9ff3-4057-8662-572c3728a4c2	Error: Not allowed by CORS	GET	/tasks	http://localhost:3001
20240126	21:54:30	a0424a38-5e3c-4a0a-9044-60d9a2bcc52b	Error: Not allowed by CORS	GET	/tasks	http://localhost:3001
20240126	21:54:50	1b2ee6d5-9364-47ee-84bf-c33ec9d4e5fd	Error: Not allowed by CORS	GET	/tasks	http://localhost:3001
20240126	21:54:53	7f0a8089-c643-4fab-ad3c-e47eb1f1dbd5	Error: Not allowed by CORS	GET	/tasks	http://localhost:3001
20240126	21:55:13	6b919bd6-e444-4d62-948a-e8ea1f5f1f93	Error: Not allowed by CORS	GET	/tasks	http://localhost:3001
20240126	21:55:33	cf37c480-5444-4ea7-a65b-df5cc0f7024f	Error: Not allowed by CORS	GET	/tasks	http://localhost:3001
20240126	21:55:53	e16803b0-8c74-4f79-88cb-b42b976b6b12	Error: Not allowed by CORS	GET	/tasks	http://localhost:3001
20240126	21:56:13	dbdabba7-2190-469f-a910-da70c3d021c5	Error: Not allowed by CORS	GET	/tasks	http://localhost:3001
20240126	21:56:33	6a61599a-76cd-4582-8a08-ba312e61772d	Error: Not allowed by CORS	GET	/tasks	http://localhost:3001
20240126	21:56:53	ed1a2c7e-e0b4-4754-ad66-049f832af0a0	Error: Not allowed by CORS	GET	/tasks	http://localhost:3001
20240126	21:57:13	04320cb5-122f-45a1-8710-3325fe8de04a	Error: Not allowed by CORS	GET	/tasks	http://localhost:3001
20240126	21:57:33	c5f4f531-a039-461d-9fd8-fa4b79027574	Error: Not allowed by CORS	GET	/tasks	http://localhost:3001
20240126	21:57:53	c7f4abe2-2b50-44ba-b9ce-4552990c98b7	Error: Not allowed by CORS	GET	/tasks	http://localhost:3001
20240126	21:58:13	16ebef65-2204-4a21-9f3c-bbf87278d7c2	Error: Not allowed by CORS	GET	/tasks	http://localhost:3001
20240126	21:58:16	7928414b-f676-436c-aa4b-2d49976319aa	Error: Not allowed by CORS	GET	/tasks	http://localhost:3001
20240126	21:58:36	335be2a7-7295-4193-880b-3d29bf04ecad	Error: Not allowed by CORS	GET	/tasks	http://localhost:3001
20240126	21:58:56	ffc89cfb-a238-4931-aaa6-fa48b25050f2	Error: Not allowed by CORS	GET	/tasks	http://localhost:3001
20240126	21:58:56	14d2d422-c287-4295-81dd-292139454521	Error: Not allowed by CORS	GET	/tasks	http://localhost:3001
20240126	21:59:16	254d47dd-0d28-4b1a-9592-f8c2497388b7	Error: Not allowed by CORS	GET	/tasks	http://localhost:3001
20240126	21:59:36	69fa5a7f-db63-47ea-88fa-bf25e0a33244	Error: Not allowed by CORS	GET	/tasks	http://localhost:3001
20240126	21:59:56	7387d215-d4f7-4eb9-b9a3-4e079ab52831	Error: Not allowed by CORS	GET	/tasks	http://localhost:3001
20240126	22:00:16	7d3b31fe-46fc-4501-acfd-ba0bc5cbedfb	Error: Not allowed by CORS	GET	/tasks	http://localhost:3001
20240126	22:00:36	b8caf7f2-3c46-4a35-a4be-d279306e2519	Error: Not allowed by CORS	GET	/tasks	http://localhost:3001
20240126	22:00:56	34f26aba-afb6-4f4f-a948-56a4dc11614d	Error: Not allowed by CORS	GET	/tasks	http://localhost:3001
20240126	22:01:05	020eeec0-e21d-4eda-8208-2047141c4ce9	Error: Not allowed by CORS	GET	/tasks	http://localhost:3001
20240126	22:01:25	ecfc46f6-8df9-42dd-b3a6-a05b3f1788ea	Error: Not allowed by CORS	GET	/tasks	http://localhost:3001
20240126	22:01:25	408ccc2b-8e04-4f19-9018-8c0750ac8ac1	Error: Not allowed by CORS	GET	/tasks	http://localhost:3001
20240126	22:01:40	1e7ed425-1004-4fc1-bcc7-1dadc551366c	Error: Not allowed by CORS	GET	/tasks	http://localhost:3001
20240126	22:02:00	6b82630a-c181-482d-ab7e-6402ae11e324	Error: Not allowed by CORS	GET	/tasks	http://localhost:3001
20240126	22:02:16	157292b1-a9da-40d4-a436-2e5265047f86	Error: Not allowed by CORS	GET	/tasks	http://localhost:3001
20240126	22:02:36	7607d7b0-0144-4427-821f-4897650376c8	Error: Not allowed by CORS	GET	/tasks	http://localhost:3001
20240126	22:02:39	1de4ce48-005d-491b-800c-467c04a4dad9	Error: Not allowed by CORS	GET	/tasks	http://localhost:3001
20240126	22:02:45	ae44ebb1-fb91-48f3-8a3b-7510e91df5c8	Error: Not allowed by CORS	GET	/tasks	http://localhost:3001
20240126	22:03:05	9242745a-4792-4129-b5e0-a6a0599d1f71	Error: Not allowed by CORS	GET	/tasks	http://localhost:3001
20240126	22:03:25	91031f65-89c7-4bfb-9eec-02b6ffbde51e	Error: Not allowed by CORS	GET	/tasks	http://localhost:3001
20240126	22:03:28	54b1f319-573e-45cb-85eb-a8ca48f59c63	Error: Not allowed by CORS	GET	/tasks	http://localhost:3001
20240126	22:03:41	b01649af-55bf-433c-b22e-6db1b4c89d97	Error: Not allowed by CORS	GET	/tasks	http://localhost:3001
20240126	22:04:01	58e11bf0-34b6-4b78-b435-3e7fbf188a98	Error: Not allowed by CORS	GET	/tasks	http://localhost:3001
20240126	22:04:05	ed2c4271-b30a-4c60-83ee-3dd6095282ad	Error: Not allowed by CORS	GET	/tasks	http://localhost:3001
20240126	22:04:26	64220d17-8ee1-45bb-9310-9e26dea525de	Error: Not allowed by CORS	GET	/tasks	http://localhost:3001
20240126	22:04:30	c85c663f-7727-4a1c-9e26-6fe65938b08c	Error: Not allowed by CORS	GET	/tasks	http://localhost:3001
20240126	22:04:41	b97a797a-f2bc-4837-be91-913b2600cfd9	Error: Not allowed by CORS	GET	/tasks	http://localhost:3001
20240126	22:04:54	91f7a626-f629-44c3-8d7f-06a55983d7ad	Error: Not allowed by CORS	GET	/tasks	http://localhost:3001
20240126	22:05:09	c83f8b9a-314f-4c1b-afe9-23f8537acdda	Error: Not allowed by CORS	GET	/tasks	http://localhost:3001
20240126	22:05:14	2327c23f-3329-433e-9513-f8209511fdcf	Error: Not allowed by CORS	GET	/tasks	http://localhost:3001
20240126	22:05:34	a2efbad6-4bbb-4512-926a-29182dbcbb8e	Error: Not allowed by CORS	GET	/tasks	http://localhost:3001
20240126	22:05:54	c1c040d5-7832-4abe-bcad-4f3101d3b962	Error: Not allowed by CORS	GET	/tasks	http://localhost:3001
20240126	22:06:05	1e05203f-78e0-4d1d-bb52-a6130051628b	Error: Not allowed by CORS	GET	/tasks	http://localhost:3001
20240126	22:06:26	c253d791-a270-4428-9a2d-e3ce3bd28bd2	Error: Not allowed by CORS	GET	/tasks	http://localhost:3001
20240126	22:06:26	b3e3a575-0bc0-45de-a2e9-9c04fa1387e5	Error: Not allowed by CORS	GET	/tasks	http://localhost:3001
20240126	22:06:41	52949e78-ce06-43c7-b024-37e4aac1b8bc	Error: Not allowed by CORS	GET	/tasks	http://localhost:3001
20240126	22:07:01	e7dcb0d0-1bb0-4a04-8a8f-62713f54c9a4	Error: Not allowed by CORS	GET	/tasks	http://localhost:3001
20240126	22:07:20	3b949beb-a59b-42e4-92bd-46410d7888f7	Error: Not allowed by CORS	GET	/tasks	http://localhost:3001
20240126	22:07:40	96f44a74-cede-4265-8a09-f8749b3d344d	Error: Not allowed by CORS	GET	/tasks	http://localhost:3001
20240126	22:08:00	ed39d3cd-f418-4ddc-b943-b0a8dd7052ae	Error: Not allowed by CORS	GET	/tasks	http://localhost:3001
20240126	22:08:20	646cfa0b-a1b2-4278-93d5-4c58639b768d	Error: Not allowed by CORS	GET	/tasks	http://localhost:3001
20240126	22:08:40	01c26d60-bc94-443c-8bfc-951c83801cef	Error: Not allowed by CORS	GET	/tasks	http://localhost:3001
20240126	22:09:00	e644aeae-024e-459f-9fed-5601827a2725	Error: Not allowed by CORS	GET	/tasks	http://localhost:3001
20240126	22:09:20	8f8b7893-06a6-4646-b8b0-2987931407dd	Error: Not allowed by CORS	GET	/tasks	http://localhost:3001
20240126	22:09:40	82fbe8cc-4e95-4bb8-ae3b-824de9d96fcf	Error: Not allowed by CORS	GET	/tasks	http://localhost:3001
20240126	22:10:00	61a14805-ad16-4490-a0f7-b7b419409532	Error: Not allowed by CORS	GET	/tasks	http://localhost:3001
20240126	22:10:20	04209a80-fe31-469d-bc03-c7171b8a4489	Error: Not allowed by CORS	GET	/tasks	http://localhost:3001
20240126	22:10:40	79073792-3752-4874-8141-a860a3a232fa	Error: Not allowed by CORS	GET	/tasks	http://localhost:3001
20240126	22:11:00	219a896d-1be0-4abf-a7bc-4b68c867075d	Error: Not allowed by CORS	GET	/tasks	http://localhost:3001
20240126	22:11:20	c0d2be68-9c26-4c95-86b7-656ce5b627b9	Error: Not allowed by CORS	GET	/tasks	http://localhost:3001
20240126	22:11:40	17f4490f-d0af-4a8f-960a-ce21785dd4e9	Error: Not allowed by CORS	GET	/tasks	http://localhost:3001
20240126	22:12:00	18b5fe9c-ab7f-4497-b846-ca511385ddee	Error: Not allowed by CORS	GET	/tasks	http://localhost:3001
20240126	22:12:20	6de21f7a-a9fa-4e2c-8d7e-43a9cb6acbeb	Error: Not allowed by CORS	GET	/tasks	http://localhost:3001
20240126	22:12:40	70666412-4edc-4092-b45b-72589f481070	Error: Not allowed by CORS	GET	/tasks	http://localhost:3001
20240126	22:13:00	a9f3a3e1-c600-44e8-a34f-4b956602d153	Error: Not allowed by CORS	GET	/tasks	http://localhost:3001
20240126	22:13:20	4de6fb7c-ed45-4e58-b1d4-301bdeb043f1	Error: Not allowed by CORS	GET	/tasks	http://localhost:3001
20240126	22:13:40	8ab80405-1a4e-47a6-844f-607855f46cdc	Error: Not allowed by CORS	GET	/tasks	http://localhost:3001
20240126	22:14:00	450b3ec9-6bac-4e3f-a751-c8b198dcf873	Error: Not allowed by CORS	GET	/tasks	http://localhost:3001
20240126	22:14:09	a39d07ec-6331-4297-bbfc-d6021ec648a4	Error: Not allowed by CORS	GET	/tasks	http://localhost:3001
20240126	22:14:12	5dcffb4b-f57f-4f79-ac36-d69dbe1e3b92	Error: Not allowed by CORS	GET	/tasks	http://localhost:3001
20240126	22:14:12	6742c80f-8059-4359-a0c8-ed8bd1d46ec9	Error: Not allowed by CORS	GET	/users	http://localhost:3001
20240126	22:14:13	1ae821c7-7fe8-4787-a185-3d1d2838c0d1	Error: Not allowed by CORS	GET	/tasks	http://localhost:3001
20240126	22:14:13	7de02711-31e1-4c6f-8ffe-11265f148ec4	Error: Not allowed by CORS	GET	/users	http://localhost:3001
20240126	22:14:14	ced133e2-e05b-4232-997b-c59069865e8a	Error: Not allowed by CORS	GET	/tasks	http://localhost:3001
20240126	22:14:14	9fae5e51-15b0-40a2-a618-4876e14be983	Error: Not allowed by CORS	GET	/users	http://localhost:3001
20240126	22:14:34	6b50818d-2a00-4086-842e-107e43622f82	Error: Not allowed by CORS	GET	/tasks	http://localhost:3001
20240126	22:14:54	0d8988a5-317c-4c9d-a1f5-39b9f9b13755	Error: Not allowed by CORS	GET	/tasks	http://localhost:3001
20240126	22:15:15	de3def2b-d150-417b-be03-645500391399	Error: Not allowed by CORS	GET	/tasks	http://localhost:3001
20240126	22:15:35	4ae2d243-fbdb-4e51-b667-5071e5ff4c46	Error: Not allowed by CORS	GET	/tasks	http://localhost:3001
20240126	22:15:55	1c935aa6-a9d2-4b0b-83eb-01e2f90d8fe0	Error: Not allowed by CORS	GET	/tasks	http://localhost:3001
20240126	22:16:15	22ea487e-c2fd-4ae1-91dd-0cb57e399c84	Error: Not allowed by CORS	GET	/tasks	http://localhost:3001
20240126	22:16:35	f566b0d1-5b62-4720-87aa-1ae36dd4c109	Error: Not allowed by CORS	GET	/tasks	http://localhost:3001
20240126	22:16:56	216907e9-61d9-47f5-9700-a76edeeccad3	Error: Not allowed by CORS	GET	/tasks	http://localhost:3001
20240126	22:17:16	8f7d4745-87b2-48b9-9085-b3976dc285a2	Error: Not allowed by CORS	GET	/tasks	http://localhost:3001
20240126	22:17:36	8a5aa8aa-cb21-473d-9115-709df7430bd7	Error: Not allowed by CORS	GET	/tasks	http://localhost:3001
20240126	22:17:56	6bd2daf9-004e-47d5-8ef2-c2410fd6b016	Error: Not allowed by CORS	GET	/tasks	http://localhost:3001
20240126	22:18:16	a18ed1ee-808a-4082-9765-881599f37cd9	Error: Not allowed by CORS	GET	/tasks	http://localhost:3001
20240126	22:18:37	f519be68-199d-4cdd-8e4e-001af8bfd5eb	Error: Not allowed by CORS	GET	/tasks	http://localhost:3001
20240126	22:18:57	f2ba4919-c848-4625-b433-508f761ae967	Error: Not allowed by CORS	GET	/tasks	http://localhost:3001
20240126	22:19:17	faf8abfc-8356-493a-a2fa-ff39bfbe15b4	Error: Not allowed by CORS	GET	/tasks	http://localhost:3001
20240126	22:19:37	72883b94-4452-47c2-aca1-cc285e4567ce	Error: Not allowed by CORS	GET	/tasks	http://localhost:3001
20240126	22:19:57	84d59c69-f0b2-4af1-9ba7-62dd1474b7a9	Error: Not allowed by CORS	GET	/tasks	http://localhost:3001
20240126	22:20:18	5bb71dc9-422c-470f-91b3-22c12b36a68c	Error: Not allowed by CORS	GET	/tasks	http://localhost:3001
20240126	22:20:38	30fe3f50-08ca-4f06-aec3-5a941e2af35e	Error: Not allowed by CORS	GET	/tasks	http://localhost:3001
20240126	22:20:58	9eae8d18-4faf-41f8-b330-2ee58721b2f5	Error: Not allowed by CORS	GET	/tasks	http://localhost:3001
20240126	22:21:18	408f7dda-cbdb-4dde-be48-8b9ec72fbafd	Error: Not allowed by CORS	GET	/tasks	http://localhost:3001
20240126	22:21:38	38fa4f42-ce21-44f7-85a3-8a0650b97afe	Error: Not allowed by CORS	GET	/tasks	http://localhost:3001
20240126	22:21:59	131a5c05-49cf-4fa7-9f90-a386fa51b6be	Error: Not allowed by CORS	GET	/tasks	http://localhost:3001
20240126	22:22:19	a90286ef-1211-45f4-8f1b-cba35968d390	Error: Not allowed by CORS	GET	/tasks	http://localhost:3001
20240126	22:22:39	3d5d7c15-4860-4dc4-8940-2a95aab19634	Error: Not allowed by CORS	GET	/tasks	http://localhost:3001
20240126	22:22:59	446554e8-9b32-4f49-a452-c701f063e11e	Error: Not allowed by CORS	GET	/tasks	http://localhost:3001
20240126	22:23:19	14a507f7-f37c-4faf-8d14-84bf9b27a1e0	Error: Not allowed by CORS	GET	/tasks	http://localhost:3001
20240126	22:23:40	75f5746d-300b-4c69-8937-1976ab821d0a	Error: Not allowed by CORS	GET	/tasks	http://localhost:3001
20240126	22:24:00	1f56a587-e6ab-4359-a909-09cfecaa26b1	Error: Not allowed by CORS	GET	/tasks	http://localhost:3001
20240126	22:24:20	bc90b241-438d-4c83-a53b-e9927a0d9e24	Error: Not allowed by CORS	GET	/tasks	http://localhost:3001
20240126	22:24:40	41a86ce8-f0f9-46af-978c-7c0fb2e1c123	Error: Not allowed by CORS	GET	/tasks	http://localhost:3001
20240126	22:25:00	62d18053-4ac1-4fa7-a360-f2d844572766	Error: Not allowed by CORS	GET	/tasks	http://localhost:3001
20240126	22:25:21	e62e277c-35a0-4292-bca9-3c85e5710721	Error: Not allowed by CORS	GET	/tasks	http://localhost:3001
20240126	22:25:41	87140923-42c5-46d2-9ef5-14a0f54e5d7f	Error: Not allowed by CORS	GET	/tasks	http://localhost:3001
20240126	22:26:01	90351865-bcdd-4b6c-b3fd-f236e8d6604e	Error: Not allowed by CORS	GET	/tasks	http://localhost:3001
20240126	22:26:21	7dd20bfd-6331-415d-9df7-a7265141eda5	Error: Not allowed by CORS	GET	/tasks	http://localhost:3001
20240126	22:26:41	69220c98-8a13-48a3-b0ef-a6a9ee13f5ce	Error: Not allowed by CORS	GET	/tasks	http://localhost:3001
20240126	22:27:01	a5c00c09-9795-489d-99f6-f217c78fa9a1	Error: Not allowed by CORS	GET	/tasks	http://localhost:3001
20240126	22:27:22	cb933f37-0a9f-4bca-856b-efe4370297bf	Error: Not allowed by CORS	GET	/tasks	http://localhost:3001
20240126	22:27:42	c1af986b-d7ba-4b77-bd5a-74d3bfdd88ca	Error: Not allowed by CORS	GET	/tasks	http://localhost:3001
20240126	22:28:02	acb19342-b52c-4780-87c8-498063ae9787	Error: Not allowed by CORS	GET	/tasks	http://localhost:3001
20240126	22:28:22	c2543685-5ae1-40d0-8d03-d6d7c726b023	Error: Not allowed by CORS	GET	/tasks	http://localhost:3001
20240126	22:28:42	f46aa197-e3f6-40ea-87c1-a8025aa7165b	Error: Not allowed by CORS	GET	/tasks	http://localhost:3001
20240126	22:29:03	8241edff-7383-46f8-93dc-926be3613b8f	Error: Not allowed by CORS	GET	/tasks	http://localhost:3001
20240126	22:29:23	65fe5f74-7297-4ea9-9800-d83f11c1c0cc	Error: Not allowed by CORS	GET	/tasks	http://localhost:3001
20240126	22:29:43	97639c5f-e27b-44bb-874d-c72f19b4faf8	Error: Not allowed by CORS	GET	/tasks	http://localhost:3001
20240126	22:30:03	f28473ba-3601-4897-b0d2-921efdb2aa15	Error: Not allowed by CORS	GET	/tasks	http://localhost:3001
20240126	22:30:23	98c1cd58-f1e9-4667-a40f-6d08ed54a4b2	Error: Not allowed by CORS	GET	/tasks	http://localhost:3001
20240126	22:30:44	548c9cee-a182-4c3d-9e8b-7bed5f57368e	Error: Not allowed by CORS	GET	/tasks	http://localhost:3001
20240126	22:31:04	37921e03-0763-405e-81cf-b462aeb31e55	Error: Not allowed by CORS	GET	/tasks	http://localhost:3001
20240126	22:31:24	6d1e206c-44ac-43ba-9434-ff405301338a	Error: Not allowed by CORS	GET	/tasks	http://localhost:3001
20240126	22:31:44	ef9da09c-b31c-4a30-8ee7-987369d3fbbb	Error: Not allowed by CORS	GET	/tasks	http://localhost:3001
20240126	22:32:04	9b757244-912d-4f93-a736-cffe36183e64	Error: Not allowed by CORS	GET	/tasks	http://localhost:3001
20240126	22:32:25	a89a783f-02c9-4bd1-9c5c-11aa35950af6	Error: Not allowed by CORS	GET	/tasks	http://localhost:3001
20240126	22:32:45	b43b718d-c115-441a-9e01-caf0aab20ca5	Error: Not allowed by CORS	GET	/tasks	http://localhost:3001
20240126	22:33:05	1e44c8f9-7b5d-4cc3-8066-2a0b5a57ea1c	Error: Not allowed by CORS	GET	/tasks	http://localhost:3001
20240126	22:33:24	16ec02fc-bd27-45df-8f07-5d703f2b34c9	Error: Not allowed by CORS	GET	/tasks	http://localhost:3001
20240126	22:33:44	8a4909d4-de52-4be3-b43f-c89f87e9a0f4	Error: Not allowed by CORS	GET	/tasks	http://localhost:3001
20240126	22:34:05	1358ee90-07f1-441c-8145-7b063d38db17	Error: Not allowed by CORS	GET	/tasks	http://localhost:3001
20240126	22:34:25	e1addc36-7f2d-4ab3-bf58-ac161b232007	Error: Not allowed by CORS	GET	/tasks	http://localhost:3001
20240126	22:34:45	91f0bf71-68f5-4436-8c3a-43c0f5c522a6	Error: Not allowed by CORS	GET	/tasks	http://localhost:3001
20240126	22:35:05	1039ec39-d03c-471c-a1e5-37fb451c122e	Error: Not allowed by CORS	GET	/tasks	http://localhost:3001
20240126	22:35:12	807a4de2-4795-436d-9bfd-684351e8ae7c	Error: Not allowed by CORS	GET	/tasks	http://localhost:3001
20240126	22:45:17	40023233-ee51-4233-aed6-5e63adbe07a7	Error: Not allowed by CORS	GET	/tasks	http://localhost:3001
20240126	22:45:17	825e0225-5e50-43f6-88c3-9d6f7b089950	Error: Not allowed by CORS	GET	/users	http://localhost:3001
20240126	22:45:37	baf9c834-5b93-49fd-bab0-829af299a10e	Error: Not allowed by CORS	GET	/tasks	http://localhost:3001
20240126	22:45:57	1dac215a-88da-4e71-8fb7-537a6acbd551	Error: Not allowed by CORS	GET	/tasks	http://localhost:3001
20240126	22:46:18	7cbab8b4-beb4-4d61-af15-f0d51f9390b3	Error: Not allowed by CORS	GET	/tasks	http://localhost:3001
20240126	22:46:38	85bc69b8-294a-4edc-a781-aeb4b068eb41	Error: Not allowed by CORS	GET	/tasks	http://localhost:3001
20240126	22:46:58	93f8f99d-8375-42ff-a22f-b3a0595c9a1c	Error: Not allowed by CORS	GET	/tasks	http://localhost:3001
20240126	22:47:18	33cfc7e4-69eb-4b21-979a-e4f2236b233e	Error: Not allowed by CORS	GET	/tasks	http://localhost:3001
20240126	22:47:38	9c12cfa2-568c-4de4-a4b6-033312b4ce29	Error: Not allowed by CORS	GET	/tasks	http://localhost:3001
20240126	22:47:58	16ce313f-d7ae-4952-bc67-953997e0a80e	Error: Not allowed by CORS	GET	/tasks	http://localhost:3001
20240126	22:48:19	c0dcdf74-f79c-497e-ad78-774fca604e57	Error: Not allowed by CORS	GET	/tasks	http://localhost:3001
20240126	22:48:39	6cbb2066-da9f-4d8d-b908-1ed2a656c709	Error: Not allowed by CORS	GET	/tasks	http://localhost:3001
20240126	22:48:59	9ec0388a-4ef7-4981-97b8-3f1a8aaaf5e7	Error: Not allowed by CORS	GET	/tasks	http://localhost:3001
20240126	22:49:19	4e028d67-833d-41cb-8065-fcd4ade2f054	Error: Not allowed by CORS	GET	/tasks	http://localhost:3001
20240126	22:49:39	0cebbd90-8779-4efb-a923-7e29741dcadc	Error: Not allowed by CORS	GET	/tasks	http://localhost:3001
20240126	22:50:00	df4c8e87-3bcc-4d7f-8dc8-1c65879df9b0	Error: Not allowed by CORS	GET	/tasks	http://localhost:3001
20240126	22:50:20	1349b029-ffc8-4ee8-a9e7-2f3c1e503490	Error: Not allowed by CORS	GET	/tasks	http://localhost:3001
20240126	22:50:40	c2c0795e-a3d9-4828-9c78-a83665dc319a	Error: Not allowed by CORS	GET	/tasks	http://localhost:3001
20240126	22:51:00	812978c8-313a-4add-881a-60ff7ed97e1d	Error: Not allowed by CORS	GET	/tasks	http://localhost:3001
20240126	22:51:20	eb6a4e2b-1f2f-41dd-93d5-cb48da4e9803	Error: Not allowed by CORS	GET	/tasks	http://localhost:3001
20240126	22:51:41	c3fc32b7-09cc-451f-a0cb-03b2749d91c8	Error: Not allowed by CORS	GET	/tasks	http://localhost:3001
20240126	22:52:01	327bdad5-5072-4e9c-9d1f-7d019d778521	Error: Not allowed by CORS	GET	/tasks	http://localhost:3001
20240126	22:52:21	ee7ea32f-6ad8-40c0-9758-ab761737a14e	Error: Not allowed by CORS	GET	/tasks	http://localhost:3001
20240126	22:52:41	d2734169-18d5-46f8-a198-dc92c016472f	Error: Not allowed by CORS	GET	/tasks	http://localhost:3001
20240126	22:53:01	1280377b-d403-4c7b-9f7f-94101da84793	Error: Not allowed by CORS	GET	/tasks	http://localhost:3001
20240126	22:53:21	8aac2886-dae8-420b-b490-1d103eb32371	Error: Not allowed by CORS	GET	/tasks	http://localhost:3001
20240126	22:53:42	ce85e647-2449-42ec-aca1-31330b7d9a70	Error: Not allowed by CORS	GET	/tasks	http://localhost:3001
20240126	22:54:02	09e4b12a-810f-487b-b02a-1f6bb25e5b64	Error: Not allowed by CORS	GET	/tasks	http://localhost:3001
20240126	22:54:22	95c7e85a-5b59-4159-91d1-b07019b6babc	Error: Not allowed by CORS	GET	/tasks	http://localhost:3001
20240126	22:54:42	f175b8ce-c083-4c51-89ea-ee7b0b0f013c	Error: Not allowed by CORS	GET	/tasks	http://localhost:3001
20240126	22:55:02	288ee32a-773e-4031-a705-93f8872725b2	Error: Not allowed by CORS	GET	/tasks	http://localhost:3001
20240126	22:55:23	823dadeb-4f69-49d9-8ae2-0e1f8ab1a0b0	Error: Not allowed by CORS	GET	/tasks	http://localhost:3001
20240126	22:55:43	a067bc84-c969-4e51-87f3-65039a0c541a	Error: Not allowed by CORS	GET	/tasks	http://localhost:3001
20240126	22:56:03	d028129a-f19b-4313-895c-24888ac961d8	Error: Not allowed by CORS	GET	/tasks	http://localhost:3001
20240126	22:56:23	17df5a35-84d2-44c7-84bf-af9f90d28e9d	Error: Not allowed by CORS	GET	/tasks	http://localhost:3001
20240126	22:56:43	7a8aa8ec-4225-4a81-a561-2a781b9a3d78	Error: Not allowed by CORS	GET	/tasks	http://localhost:3001
20240126	22:57:03	0c555043-902b-4d45-a180-77f1690d0a21	Error: Not allowed by CORS	GET	/tasks	http://localhost:3001
20240126	22:57:23	280ab35f-8c1c-47a6-81e8-54f936a2db5d	Error: Not allowed by CORS	GET	/tasks	http://localhost:3001
20240126	22:57:44	bcdc910c-1ae1-4703-ac50-debe3a34ea60	Error: Not allowed by CORS	GET	/tasks	http://localhost:3001
20240126	22:58:04	93835768-fb7b-4725-b519-526a7f8b09c4	Error: Not allowed by CORS	GET	/tasks	http://localhost:3001
20240126	22:58:24	d157d707-b4e0-4204-8195-f5da47b5250c	Error: Not allowed by CORS	GET	/tasks	http://localhost:3001
20240126	22:58:44	d77361fb-7fc8-444c-a4da-75b23f795096	Error: Not allowed by CORS	GET	/tasks	http://localhost:3001
20240126	22:59:05	f9746f2d-2c90-4d70-825f-78044cdef944	Error: Not allowed by CORS	GET	/tasks	http://localhost:3001
20240126	22:59:25	b608f32c-e007-48c4-8351-482b7512e0b3	Error: Not allowed by CORS	GET	/tasks	http://localhost:3001
20240126	22:59:45	df97e39e-a496-4abc-b296-27775d829fd2	Error: Not allowed by CORS	GET	/tasks	http://localhost:3001
20240126	23:00:05	c623aa96-99db-49cf-8650-8cbfac679121	Error: Not allowed by CORS	GET	/tasks	http://localhost:3001
20240126	23:00:25	09baec2c-805e-4b8e-9d7a-802edc75e7e9	Error: Not allowed by CORS	GET	/tasks	http://localhost:3001
20240126	23:00:46	9bd29799-6e12-4ceb-a570-5c21498c4193	Error: Not allowed by CORS	GET	/tasks	http://localhost:3001
20240126	23:01:06	b6fb5548-edab-438a-a035-65d2fec99565	Error: Not allowed by CORS	GET	/tasks	http://localhost:3001
20240126	23:01:26	98057515-818b-41f2-bdc4-7ac41c381732	Error: Not allowed by CORS	GET	/tasks	http://localhost:3001
20240126	23:01:46	cca8d6ae-065d-49e1-a597-1a3e617194f3	Error: Not allowed by CORS	GET	/tasks	http://localhost:3001
20240126	23:02:06	463b6d56-d4b2-4ed2-8182-bd4d0ed0ce3d	Error: Not allowed by CORS	GET	/tasks	http://localhost:3001
20240126	23:02:26	64fea3e7-f737-4563-924b-0c32cda77348	Error: Not allowed by CORS	GET	/tasks	http://localhost:3001
20240126	23:02:47	c30b2f8d-e8c8-4c0f-b069-c9ecd3b3a60b	Error: Not allowed by CORS	GET	/tasks	http://localhost:3001
20240126	23:03:07	c3895283-4693-40c8-a7b6-541c5f75bfd3	Error: Not allowed by CORS	GET	/tasks	http://localhost:3001
20240126	23:03:27	a5db3be6-16be-4ac3-bf0b-323193dc8842	Error: Not allowed by CORS	GET	/tasks	http://localhost:3001
20240126	23:03:47	21ef3966-d782-4d95-864b-f69c7e693fe0	Error: Not allowed by CORS	GET	/tasks	http://localhost:3001
20240126	23:04:07	07d8dc95-fa73-4369-ac50-ad43a812d784	Error: Not allowed by CORS	GET	/tasks	http://localhost:3001
20240126	23:04:28	51b49caa-e651-4f06-aa0c-453ebaa87ead	Error: Not allowed by CORS	GET	/tasks	http://localhost:3001
20240126	23:04:48	56e7b8c2-254f-4195-9064-b2f46e7c0db5	Error: Not allowed by CORS	GET	/tasks	http://localhost:3001
20240126	23:05:08	05d6b563-942e-4c5a-ba80-fde70472dccf	Error: Not allowed by CORS	GET	/tasks	http://localhost:3001
20240126	23:05:28	5ed58379-eb3f-47bf-91f4-b3ca7704fa81	Error: Not allowed by CORS	GET	/tasks	http://localhost:3001
20240126	23:05:48	4e6912d6-7d25-49bf-84e4-92a1efae6d1e	Error: Not allowed by CORS	GET	/tasks	http://localhost:3001
20240126	23:06:08	473bc507-a75d-489a-97b9-4788366d7299	Error: Not allowed by CORS	GET	/tasks	http://localhost:3001
20240126	23:06:29	c7b102d6-d33c-4278-ac6c-8421c31ee28a	Error: Not allowed by CORS	GET	/tasks	http://localhost:3001
20240126	23:06:49	fdbb1d12-ce89-4195-9900-fe2d547a5500	Error: Not allowed by CORS	GET	/tasks	http://localhost:3001
20240126	23:07:09	b44fe5af-f39f-4b1c-8aa9-7114440a5996	Error: Not allowed by CORS	GET	/tasks	http://localhost:3001
20240126	23:07:29	b7083abd-ded3-43ec-b4ad-9ca722eeffde	Error: Not allowed by CORS	GET	/tasks	http://localhost:3001
20240126	23:07:49	62612557-b7ad-4c6e-9c38-3b706dc5fb95	Error: Not allowed by CORS	GET	/tasks	http://localhost:3001
20240126	23:08:10	73dc8447-18d6-4d7f-8d92-b760fd9696e2	Error: Not allowed by CORS	GET	/tasks	http://localhost:3001
20240126	23:08:30	586800dc-b44c-4abb-8edc-f89f92154d8f	Error: Not allowed by CORS	GET	/tasks	http://localhost:3001
20240126	23:08:50	965f20f6-ef93-444f-bb7a-59b3787880a7	Error: Not allowed by CORS	GET	/tasks	http://localhost:3001
20240126	23:09:10	2654a4d5-31ac-4a24-a8d8-8576082beb1e	Error: Not allowed by CORS	GET	/tasks	http://localhost:3001
20240126	23:09:30	cf0a14cb-b296-4d46-a4a7-22986182b8b0	Error: Not allowed by CORS	GET	/tasks	http://localhost:3001
20240126	23:09:51	f8d0f462-15c9-410e-bc4e-b6f8ba2989f2	Error: Not allowed by CORS	GET	/tasks	http://localhost:3001
20240126	23:10:11	d2536407-eaf1-4070-a8ea-c759dbe1f917	Error: Not allowed by CORS	GET	/tasks	http://localhost:3001
20240126	23:10:31	e25bf846-384d-49e0-9685-ab266a047c31	Error: Not allowed by CORS	GET	/tasks	http://localhost:3001
20240126	23:10:51	a0ff7fec-f960-4a7d-8264-9446d60901f7	Error: Not allowed by CORS	GET	/tasks	http://localhost:3001
20240126	23:11:11	de568dcd-a7c8-4c1d-85d0-0045b2598c06	Error: Not allowed by CORS	GET	/tasks	http://localhost:3001
20240126	23:11:32	6df661f1-06e9-4ffe-92f2-50a0708f6d98	Error: Not allowed by CORS	GET	/tasks	http://localhost:3001
20240126	23:11:52	5ae3f9ab-cf52-4db5-914b-dd9a99bb398d	Error: Not allowed by CORS	GET	/tasks	http://localhost:3001
20240126	23:12:12	c9b101d3-7e00-4a53-a1f7-e90c7fde28f3	Error: Not allowed by CORS	GET	/tasks	http://localhost:3001
20240126	23:12:32	a5c9fe7a-8860-4e13-9c17-4a4bc22b5162	Error: Not allowed by CORS	GET	/tasks	http://localhost:3001
20240126	23:12:52	88159d67-4d19-4298-8575-317a2ef92771	Error: Not allowed by CORS	GET	/tasks	http://localhost:3001
20240126	23:13:12	d73ca6ff-ece3-4e7e-b724-7d70a1dd707a	Error: Not allowed by CORS	GET	/tasks	http://localhost:3001
20240126	23:13:33	55ad97af-e4d5-4110-b633-5949daf8ec59	Error: Not allowed by CORS	GET	/tasks	http://localhost:3001
20240126	23:13:53	eaca7389-4b06-46d4-804b-14b1295e8df7	Error: Not allowed by CORS	GET	/tasks	http://localhost:3001
20240126	23:14:13	265bbd16-ebe2-445c-8261-2658d768bc12	Error: Not allowed by CORS	GET	/tasks	http://localhost:3001
20240126	23:14:33	022640c3-9c32-477b-aaee-a60a000c66f1	Error: Not allowed by CORS	GET	/tasks	http://localhost:3001
20240126	23:14:53	71d91933-fabc-46d2-be00-6e329a7f8925	Error: Not allowed by CORS	GET	/tasks	http://localhost:3001
20240126	23:15:14	37d2d42f-92f1-425f-be82-390496bd6457	Error: Not allowed by CORS	GET	/tasks	http://localhost:3001
20240126	23:15:34	f07ea758-c328-49b0-af43-6939d7e90fec	Error: Not allowed by CORS	GET	/tasks	http://localhost:3001
20240126	23:15:54	6546c00a-126d-45bc-a7d8-e9f5ca000d42	Error: Not allowed by CORS	GET	/tasks	http://localhost:3001
20240126	23:16:14	e0db74e3-09ec-4d20-ace8-93223d450649	Error: Not allowed by CORS	GET	/tasks	http://localhost:3001
20240126	23:16:34	fb3cc750-ceda-46ad-a808-e6626ae318b1	Error: Not allowed by CORS	GET	/tasks	http://localhost:3001
20240126	23:16:55	4e9de596-9b14-40a6-9b86-b5d750508a18	Error: Not allowed by CORS	GET	/tasks	http://localhost:3001
20240126	23:17:15	afc77061-da46-48a6-9357-066bbcdf3f4c	Error: Not allowed by CORS	GET	/tasks	http://localhost:3001
20240126	23:17:35	2351bfc3-ac80-4f43-9dc8-8efb44fe5a38	Error: Not allowed by CORS	GET	/tasks	http://localhost:3001
20240126	23:17:55	37ccc6b9-79ab-4e7b-a574-fa65b5cdda83	Error: Not allowed by CORS	GET	/tasks	http://localhost:3001
20240126	23:18:15	cbd95f15-9cf3-46fc-85b1-53ffd5c0dc0d	Error: Not allowed by CORS	GET	/tasks	http://localhost:3001
20240126	23:18:36	9d269c3b-fd77-4476-ac3b-3bb1386b4307	Error: Not allowed by CORS	GET	/tasks	http://localhost:3001
20240126	23:18:56	65cd3b1d-5f31-464f-b90d-89800e120410	Error: Not allowed by CORS	GET	/tasks	http://localhost:3001
20240126	23:19:16	1336d8f3-9014-4d21-af90-96861852e3e7	Error: Not allowed by CORS	GET	/tasks	http://localhost:3001
20240126	23:19:36	641ac3af-ce82-4358-8324-47a586a38938	Error: Not allowed by CORS	GET	/tasks	http://localhost:3001
20240126	23:19:56	59d2ae64-ece1-4154-9e65-19c493e196a9	Error: Not allowed by CORS	GET	/tasks	http://localhost:3001
20240126	23:20:15	5f7685c3-2727-4505-9f97-483148ff03d7	Error: Not allowed by CORS	GET	/tasks	http://localhost:3001
20240126	23:20:35	5127280f-0e3c-4dc3-85d7-a835cf8a2c47	Error: Not allowed by CORS	GET	/tasks	http://localhost:3001
20240126	23:20:55	16dde2a2-3cea-4c0a-88dc-db9c778f25cc	Error: Not allowed by CORS	GET	/tasks	http://localhost:3001
20240126	23:21:15	47ccac6d-f642-4ab8-8a44-337fe57044b2	Error: Not allowed by CORS	GET	/tasks	http://localhost:3001
20240126	23:21:36	61b6bcb8-f04e-4724-a592-82d9ebfc5747	Error: Not allowed by CORS	GET	/tasks	http://localhost:3001
20240126	23:21:56	3c496e51-3cbf-4d78-bf68-cf9038406d8f	Error: Not allowed by CORS	GET	/tasks	http://localhost:3001
20240126	23:22:16	3cacd368-0ae9-4ad5-b1b4-c899ff962b61	Error: Not allowed by CORS	GET	/tasks	http://localhost:3001
20240126	23:22:36	c782d957-51f1-4132-95a2-ed834c15ee14	Error: Not allowed by CORS	GET	/tasks	http://localhost:3001
20240126	23:22:56	8427693f-f8c0-497b-8b0d-3331327f42b9	Error: Not allowed by CORS	GET	/tasks	http://localhost:3001
20240126	23:23:16	391c6fd2-1317-4cdb-824a-b592d1cf2caf	Error: Not allowed by CORS	GET	/tasks	http://localhost:3001
20240126	23:23:37	9ebde059-b0f7-48ce-8e49-c4f5412e862b	Error: Not allowed by CORS	GET	/tasks	http://localhost:3001
20240126	23:23:57	14d77fed-edb7-45b8-a167-51ed2fda0b86	Error: Not allowed by CORS	GET	/tasks	http://localhost:3001
20240126	23:24:17	14026eac-dc37-4e7e-93f0-7595651ba99b	Error: Not allowed by CORS	GET	/tasks	http://localhost:3001
20240126	23:24:37	2f0b733a-a33f-40df-b093-70da9d49a55a	Error: Not allowed by CORS	GET	/tasks	http://localhost:3001
20240126	23:24:57	f2b8e407-6923-4f6b-b6f1-d615bb438ad7	Error: Not allowed by CORS	GET	/tasks	http://localhost:3001
20240126	23:25:18	376b2dbb-3e91-40a5-a4cb-543c34a4f8b5	Error: Not allowed by CORS	GET	/tasks	http://localhost:3001
20240126	23:25:38	274b4151-4be6-439f-ab1a-e62eab7bb52b	Error: Not allowed by CORS	GET	/tasks	http://localhost:3001
20240126	23:25:58	d3765ef0-7620-434d-88d1-8cd79bf52062	Error: Not allowed by CORS	GET	/tasks	http://localhost:3001
20240126	23:26:18	37406a9a-6c87-4d65-adfc-d80faf08df19	Error: Not allowed by CORS	GET	/tasks	http://localhost:3001
20240126	23:26:38	f1dad6b6-8854-4013-ae57-a4b00927e186	Error: Not allowed by CORS	GET	/tasks	http://localhost:3001
20240126	23:26:58	fea4bc01-b7e0-481a-a5b2-0f825ac4e2d3	Error: Not allowed by CORS	GET	/tasks	http://localhost:3001
20240126	23:27:19	9030af1d-6fe0-41d0-9c66-ef1817b02335	Error: Not allowed by CORS	GET	/tasks	http://localhost:3001
20240126	23:27:39	c8042275-99da-4581-8b78-427f3c0e5b4b	Error: Not allowed by CORS	GET	/tasks	http://localhost:3001
20240126	23:27:59	5ebaf2db-a85e-4ea6-b7d6-67d905a8aeef	Error: Not allowed by CORS	GET	/tasks	http://localhost:3001
20240126	23:28:19	0dd472b6-d458-44b6-9dbc-8537e3c87894	Error: Not allowed by CORS	GET	/tasks	http://localhost:3001
20240126	23:28:39	6ffe9816-abe0-4e49-8b32-1e29c37293e8	Error: Not allowed by CORS	GET	/tasks	http://localhost:3001
20240126	23:29:00	599730df-ebff-4f73-863c-8832f2e2d5bf	Error: Not allowed by CORS	GET	/tasks	http://localhost:3001
20240126	23:29:20	b7c14668-87f4-448b-8add-a9f8b280f5d8	Error: Not allowed by CORS	GET	/tasks	http://localhost:3001
20240126	23:29:40	33e08200-4412-4f11-81b9-5c81111110c4	Error: Not allowed by CORS	GET	/tasks	http://localhost:3001
20240126	23:30:00	216f0a14-88b6-467d-9e4f-fa3fb8f6424e	Error: Not allowed by CORS	GET	/tasks	http://localhost:3001
20240126	23:30:20	b22bc667-b9ba-478a-b666-7821e5b7383d	Error: Not allowed by CORS	GET	/tasks	http://localhost:3001
20240126	23:30:41	f1876d43-7930-4a18-92e5-a5178bdd33b3	Error: Not allowed by CORS	GET	/tasks	http://localhost:3001
20240126	23:31:01	5a1906f8-9081-4d4d-a6f1-a6ed33edb50d	Error: Not allowed by CORS	GET	/tasks	http://localhost:3001
20240126	23:31:21	312bd4f4-1bf2-41b8-a82a-f65f6933a313	Error: Not allowed by CORS	GET	/tasks	http://localhost:3001
20240126	23:31:41	23007156-161c-43e8-8fd4-bcb508207255	Error: Not allowed by CORS	GET	/tasks	http://localhost:3001
20240126	23:32:01	877ef970-c6bf-4fd7-9aa1-036ece86b559	Error: Not allowed by CORS	GET	/tasks	http://localhost:3001
20240126	23:32:21	e9db2cd0-4bb0-4623-a9f8-fe6abdcab5a9	Error: Not allowed by CORS	GET	/tasks	http://localhost:3001
20240126	23:32:42	70ff4824-b7b8-4425-8ae4-a6a5f936543c	Error: Not allowed by CORS	GET	/tasks	http://localhost:3001
20240126	23:33:02	83470ff0-7702-4592-b77c-8c36ead3447a	Error: Not allowed by CORS	GET	/tasks	http://localhost:3001
20240126	23:33:22	f385e3e3-bcd5-414b-9bc1-c877598a5c18	Error: Not allowed by CORS	GET	/tasks	http://localhost:3001
20240126	23:33:42	6a5bbd6b-3955-41f1-aeee-3665a34ddf7d	Error: Not allowed by CORS	GET	/tasks	http://localhost:3001
20240126	23:34:02	8da218de-291a-4c6d-ab92-b6eba61cc039	Error: Not allowed by CORS	GET	/tasks	http://localhost:3001
20240126	23:34:22	a116ecc7-54c8-49ba-a6be-6c31814e3ba4	Error: Not allowed by CORS	GET	/tasks	http://localhost:3001
20240126	23:34:43	09a7f91b-03b1-4c4c-ab8f-29333d773d29	Error: Not allowed by CORS	GET	/tasks	http://localhost:3001
20240126	23:35:03	6eb877d2-1bd9-4055-86ff-3b9bcd6571a5	Error: Not allowed by CORS	GET	/tasks	http://localhost:3001
20240126	23:35:23	cce8f376-4f3f-4a3e-8db3-3d0ff9eff655	Error: Not allowed by CORS	GET	/tasks	http://localhost:3001
20240126	23:35:43	3fec7b79-5321-40e9-be0a-28a1a8cf5f63	Error: Not allowed by CORS	GET	/tasks	http://localhost:3001
20240126	23:36:03	1cf089ce-3d5c-40a0-a43c-f304bcece603	Error: Not allowed by CORS	GET	/tasks	http://localhost:3001
20240126	23:36:08	370667a1-f52e-4c60-a711-0288a9bc854a	Error: Not allowed by CORS	GET	/tasks	http://localhost:3001
