20240126	17:29:43	592311cd-b78a-46cc-98c4-5163257a1e03	GET	/	undefined
20240126	17:29:43	1ac1eea4-4938-41cd-b246-d2c382c31050	GET	/css/style.css	undefined
20240126	17:29:43	0b9c06b4-b8be-4d5c-88de-332e48c20303	GET	/favicon.ico	undefined
20240126	17:31:04	b6d87d62-7a32-4687-82de-dfba41c9a5b2	GET	/	undefined
20240126	17:31:04	0a0390aa-ae80-4cad-bbe1-41bed5708c2e	GET	/css/style.css	undefined
20240126	17:31:11	d7f5ca3a-c740-4a3a-bffc-651370f466b7	GET	/test	undefined
20240126	17:31:11	84523121-9e62-4aa1-a743-b8feb9ac4eb1	GET	/css/style.css	undefined
20240126	17:31:41	ab4fdab0-d495-4b02-bde8-e47ffc0ab99d	GET	/	undefined
20240126	17:31:41	8b419deb-1071-47cf-8f3e-93c087ed5a2b	GET	/css/style.css	undefined
20240126	17:31:41	63b617c6-aedc-495a-8e38-de94b57ea915	GET	/favicon.ico	undefined
20240126	17:34:22	fa60613d-efb8-45a8-987f-dbb9fc6c7f5e	GET	/refresh	undefined
20240126	17:34:22	95cec7a2-946b-48f8-9120-447ade769579	GET	/css/style.css	undefined
20240126	17:36:06	f5698995-1a56-49fb-9a6a-ca6a8942af97	GET	/tasks	undefined
20240126	17:36:11	f51c7f14-9ff0-47e7-8eb5-fe5de86a3071	GET	/users	undefined
20240126	17:37:59	fdb9952e-9f9d-4bba-b43d-d56507f606a5	GET	/auth	undefined
20240126	17:37:59	32b979b0-dd25-434d-90c4-208a47daf47d	GET	/css/style.css	undefined
20240126	17:38:13	76827a15-6e10-4384-8f35-bf13dc65def8	GET	/users	undefined
20240126	17:39:09	f92ed95c-f5a2-46fa-9a27-6e7d932342ef	GET	/record/	http://localhost:3000
20240126	17:39:09	8fc2eee3-10e0-4a95-9c73-84274ef15fe9	GET	/record/	http://localhost:3000
20240126	17:45:02	6c1c649d-39f0-4127-bd36-8dfb750067ab	GET	/record/	http://localhost:3000
20240126	17:45:02	936ea3f1-2a54-43d5-8cbb-0ef3b1d9fe2e	GET	/record/	http://localhost:3000
20240126	17:46:51	a28c81f9-5069-4840-aa47-4a53a1be02b7	GET	/tasks	http://localhost:3000
20240126	17:46:51	8091573f-6bcb-441f-b1b3-55cfc3cff5f6	GET	/tasks	http://localhost:3000
20240126	17:47:27	cb2408fb-ae39-481f-b252-fa6ec4907f9d	GET	/tasks	http://localhost:3000
20240126	17:47:27	dc527273-e2a6-4514-b1e0-6f776378e416	GET	/tasks	http://localhost:3000
20240126	17:48:39	f669f17a-16cf-4159-9a9b-5e977e90deed	GET	/tasks	http://localhost:3000
20240126	17:48:39	3fe7412e-c1e2-4a94-ad95-75831190be38	GET	/tasks	http://localhost:3000
20240126	17:48:43	c9982b11-93b1-4050-adfb-b52055cab23a	GET	/tasks	http://localhost:3000
20240126	17:48:43	7119d8cf-ab34-4700-b8f3-033552905953	GET	/tasks	http://localhost:3000
20240126	17:49:13	51ccc60c-d4b9-4099-a277-c4d6385fd244	GET	/tasks	http://localhost:3000
20240126	17:49:13	029bbd2a-053e-4122-b1f6-822caaa1d662	GET	/tasks	http://localhost:3000
20240126	17:55:08	5bcc8049-dd63-4124-a041-095ff34340ab	GET	/tasks	http://localhost:3000
20240126	17:55:08	7957c312-f443-4765-85d5-161c79c77816	GET	/tasks	http://localhost:3000
20240126	17:55:25	4a8d0276-83d6-4b35-b25e-7ccbde8d3963	GET	/tasks	http://localhost:3000
20240126	17:55:25	5c3e16bf-6ab9-42f9-9548-1fbda50816af	GET	/tasks	http://localhost:3000
20240126	17:55:41	9beb6755-3ee1-477c-9882-0c1f6d9f0efc	GET	/tasks/	http://localhost:3000
20240126	17:55:41	814d7cea-ff45-4cb1-bb76-0c21254ee70f	GET	/tasks/	http://localhost:3000
20240126	17:55:44	dda339f0-849f-4f5c-911e-322c1d3ba73a	GET	/tasks/	http://localhost:3000
20240126	17:55:44	23a5500c-258b-4535-a1d4-770b6e6c2def	GET	/tasks/	http://localhost:3000
20240126	17:55:51	cbea5328-d17e-4ab4-b869-7d980d6fe290	GET	/tasks/	http://localhost:3000
20240126	17:56:10	5927b2c8-5a57-438a-9226-22aec645def6	GET	/tasks/	http://localhost:3000
20240126	17:56:10	f1f3a417-64ec-4b81-a08d-1374222554b5	GET	/tasks/	http://localhost:3000
20240126	17:56:14	0236c11d-3d88-4969-bc40-dd241c29f8c3	GET	/tasks/	http://localhost:3000
20240126	17:56:14	1b1e4c88-f4e2-43f3-84a4-802d46dd585c	GET	/tasks/	http://localhost:3000
20240126	17:58:01	423e77ca-2c07-4862-bb19-7ba678bb6aa0	GET	/tasks/	http://localhost:3000
20240126	17:58:01	090f8226-ca43-45b8-be7d-573f37151611	GET	/tasks/	http://localhost:3000
20240126	17:58:15	85a9990b-dd85-4384-85d8-38d38bb12f60	GET	/tasks/	http://localhost:3000
20240126	17:58:15	2365ec91-beea-4603-8aaf-6df4324dc013	GET	/tasks/	http://localhost:3000
20240126	17:58:19	905fd3fc-76b7-4772-99ab-993eef0e349d	GET	/tasks/	http://localhost:3000
20240126	17:58:28	0e82bceb-6ae2-4298-8e1e-cdbfa2f94b85	OPTIONS	/tasks/	http://localhost:3000
20240126	17:58:28	db39b52d-d65d-4de0-988f-66d4f7de1905	POST	/tasks/	http://localhost:3000
20240126	17:58:28	d8fc46f2-1749-4a72-9eda-8c7983a6b9f4	GET	/tasks/	http://localhost:3000
20240126	17:59:18	25f9f879-c0f1-460d-b65e-584685a46a8f	GET	/tasks/	http://localhost:3000
20240126	17:59:18	f70dc212-2602-4552-b9ca-c3bcdd79a363	GET	/tasks/	http://localhost:3000
20240126	17:59:36	9f254441-b955-4a1f-99f9-09b789a86aa9	GET	/tasks/	http://localhost:3000
20240126	17:59:51	4bcfabb3-0bc7-433f-999a-9c35709064ff	GET	/tasks/	http://localhost:3000
20240126	17:59:53	c974ea19-1a91-48d5-b100-f516cf7f5ef7	GET	/tasks/	http://localhost:3000
20240126	17:59:57	82434880-0344-4030-9302-5b455e5b2427	OPTIONS	/tasks/	http://localhost:3000
20240126	17:59:57	d4adb8d6-0005-4fc9-87ff-9d8ee7d8b6dc	GET	/tasks/	http://localhost:3000
20240126	17:59:57	4550614e-a8cd-41a4-ac8c-f18d5c36b7db	POST	/tasks/	http://localhost:3000
20240126	18:00:23	5cf2de11-fa39-4c54-858b-2b4da412ca03	GET	/tasks/	http://localhost:3000
20240126	18:00:23	47d27a55-4316-45bc-96b2-43d9ab9a6e87	GET	/tasks/	http://localhost:3000
20240126	18:00:54	18d93943-7e8a-45f8-b8ab-7dc35424b864	GET	/tasks/	http://localhost:3000
20240126	18:00:54	82784903-f42e-4ef7-9650-ac4e3fccf2f9	GET	/tasks/	http://localhost:3000
20240126	18:04:49	0ea1f4b7-f3db-4a2a-9d85-ed32d16bad76	GET	/tasks/	http://localhost:3000
20240126	18:04:49	2987c415-a321-4a14-bcef-c24092d966cf	GET	/tasks/	http://localhost:3000
20240126	19:47:45	f2535591-23a3-405e-898b-434406aedce3	GET	/tasks/	http://localhost:3000
20240126	20:07:42	7aa1cda7-3601-484f-b7f8-d0f8c29ea95f	OPTIONS	/auth	http://localhost:3001
20240126	20:07:59	d23564b3-ddd5-483f-9321-8b75d500c95f	OPTIONS	/users	http://localhost:3001
20240126	20:08:04	3ea1eec1-adfa-433a-a0a4-8b5afa7209ed	OPTIONS	/auth	http://localhost:3001
20240126	20:08:29	a2b9dbbf-dcf1-4fe3-8e54-51f9d1e44f05	GET	/tasks	http://localhost:3001
20240126	20:08:29	bd384741-28bc-4f02-921a-20e6bee7d97a	GET	/users	http://localhost:3001
20240126	20:08:50	23f64e70-f9f2-4c84-b8be-1272cd49ea4b	GET	/tasks	http://localhost:3001
20240126	20:09:10	42294b74-8f1a-48e3-b734-eed1e2844959	GET	/tasks	http://localhost:3001
20240126	20:09:30	b610c7ef-df97-42c5-bc27-445105c65a24	GET	/tasks	http://localhost:3001
20240126	20:09:50	32a5c144-8619-49ff-8103-04a274a6edc5	GET	/tasks	http://localhost:3001
20240126	20:10:10	b9285014-c38c-4b2b-8f9d-7f114e33e673	GET	/tasks	http://localhost:3001
20240126	20:10:31	29b11afc-9635-4691-84bf-76e09b5bc597	GET	/tasks	http://localhost:3001
20240126	20:10:51	e26502bc-2c09-4928-81c1-f8a61e48dd5e	GET	/tasks	http://localhost:3001
20240126	20:11:11	e9119277-f79d-4ed3-a347-c49c3a878525	GET	/tasks	http://localhost:3001
20240126	20:11:31	0811602f-0aaa-4ea4-acf5-68585b8b2f2c	GET	/tasks	http://localhost:3001
20240126	20:11:51	d616ee82-a607-4183-85e5-616ea7084c63	GET	/tasks	http://localhost:3001
20240126	20:12:12	88278c20-f849-4ed4-bd81-9d63b6321e86	GET	/tasks	http://localhost:3001
20240126	20:12:32	caf25e54-9dca-4daa-9e28-5d20c7a81f1f	GET	/tasks	http://localhost:3001
20240126	20:12:52	42178f5d-c6c9-48c1-bdd2-115fbf616a5e	GET	/tasks	http://localhost:3001
20240126	20:13:12	c3dc64c5-bb6e-4524-a56f-d586569be75e	GET	/tasks	http://localhost:3001
20240126	20:13:32	61b25333-bba8-41ca-a635-2c89c7821785	GET	/tasks	http://localhost:3001
20240126	20:13:53	dca15562-c015-4a7a-8ff6-ca8ecee9b7d1	GET	/tasks	http://localhost:3001
20240126	20:14:13	2d27ba6f-85be-46c8-9e43-5f877950846b	GET	/tasks	http://localhost:3001
20240126	20:14:34	171ac3c1-854c-4ec8-9751-b5837636136c	GET	/tasks	http://localhost:3001
20240126	20:14:54	a6687cd6-672e-4b74-9093-e3a846c68db7	GET	/tasks	http://localhost:3001
20240126	20:15:14	025c7116-e92a-4e2c-a669-e23caadaf75e	GET	/tasks	http://localhost:3001
20240126	20:15:35	d87ca5b2-e9b3-4258-9d37-5209de1feb58	GET	/tasks	http://localhost:3001
20240126	20:15:55	7c54373b-85c3-422b-809b-1c2aba7ac605	GET	/tasks	http://localhost:3001
20240126	20:16:15	0ebcf1b8-0260-4410-91cf-517c2f512022	GET	/tasks	http://localhost:3001
20240126	20:16:35	34698dc3-fb0f-4bf7-81e2-d46854650046	GET	/tasks	http://localhost:3001
20240126	20:16:55	a9e25d9a-47bc-409f-8b29-38af31f01c84	GET	/tasks	http://localhost:3001
20240126	20:17:15	0aabc4a4-c078-4c3d-82c9-84666fe2dbe6	GET	/tasks	http://localhost:3001
20240126	20:17:36	44f14e25-6644-41d9-9a1f-1c11793e6f58	GET	/tasks	http://localhost:3001
20240126	20:17:56	186b60bc-15e5-4473-8e41-bc1e40658318	GET	/tasks	http://localhost:3001
20240126	20:18:16	00dc4523-9c2d-4a87-b7cb-49e69abc0d07	GET	/tasks	http://localhost:3001
20240126	20:18:36	147e7aac-bfd4-4e12-816a-61b7f7ba101f	GET	/tasks	http://localhost:3001
20240126	20:18:56	b8921e43-9b2a-409d-ae50-a05a108fb9ea	GET	/tasks	http://localhost:3001
20240126	20:19:17	063482bf-6366-4995-a4f7-0b3f1396b306	GET	/tasks	http://localhost:3001
20240126	20:19:37	0ed332b6-9921-4a35-a0aa-c0aaf71928db	GET	/tasks	http://localhost:3001
20240126	20:19:57	788c9227-ffbd-4790-af87-da39415a236b	GET	/tasks	http://localhost:3001
20240126	20:20:17	f936e929-5871-44ac-b0fe-14ad48effb1d	GET	/tasks	http://localhost:3001
20240126	20:20:37	0e05e97d-12b2-4665-84b0-2050a8dca6f1	GET	/tasks	http://localhost:3001
20240126	20:20:58	adeb3a18-ffa7-42e6-90a8-1160b6fb8685	GET	/tasks	http://localhost:3001
20240126	20:21:18	e8eb477a-152f-485e-b616-54f308cf767c	GET	/tasks	http://localhost:3001
20240126	20:21:38	c52b5f42-6cb9-445b-b056-1b0e87b5ff50	GET	/tasks	http://localhost:3001
20240126	20:21:58	8a7e81eb-cfba-4c67-aeb8-046cf785d720	GET	/tasks	http://localhost:3001
20240126	20:22:18	be5cc323-711d-484c-9a4f-a67d9decc797	GET	/tasks	http://localhost:3001
20240126	20:22:38	a8b881cc-bdbf-44fa-91d8-e7de09737f61	GET	/tasks	http://localhost:3001
20240126	20:22:59	077a28bb-ed08-4b27-8a86-71869622d12f	GET	/tasks	http://localhost:3001
20240126	20:23:19	2d7d6426-c580-413b-9862-d6314ce530ab	GET	/tasks	http://localhost:3001
20240126	20:23:39	1b638314-c77b-4875-baf7-593c5902b705	GET	/tasks	http://localhost:3001
20240126	20:23:59	1cd1e9c7-891a-40d1-9253-c387201e3eab	GET	/tasks	http://localhost:3001
20240126	20:24:19	43733c9c-7859-4cbb-b99b-91c17ca199d6	GET	/tasks	http://localhost:3001
20240126	20:24:39	e1d17990-f346-4d22-a417-4b0df351813d	GET	/tasks	http://localhost:3001
20240126	20:25:00	8592914e-8e09-4939-a53f-847db6df31d1	GET	/tasks	http://localhost:3001
20240126	20:25:20	1b7dcfa8-1b60-47d2-ac47-e07a2ada077a	GET	/tasks	http://localhost:3001
20240126	20:25:40	c6d1477a-c3e4-4456-832d-55b800976d66	GET	/tasks	http://localhost:3001
20240126	20:26:00	e863171a-bb74-4ffe-b5f4-dad478598e76	GET	/tasks	http://localhost:3001
20240126	20:26:21	384223c7-7438-4461-9f55-f5c6a834aba3	GET	/tasks	http://localhost:3001
20240126	20:26:41	2d5d6bf5-9602-4107-b8e2-06a635c53f11	GET	/tasks	http://localhost:3001
20240126	20:27:01	1d146e01-c191-424f-bcad-76c8649e4ed9	GET	/tasks	http://localhost:3001
20240126	20:27:06	471c6702-5c65-4389-8b3e-5c5e2e3454e2	GET	/tasks	http://localhost:3001
20240126	20:27:06	6b26a652-448f-4244-bdac-13377b006ea7	GET	/tasks	http://localhost:3001
20240126	20:46:35	7c0799f9-c366-4014-9cb7-d17537080334	OPTIONS	/auth	http://localhost:3000
20240126	20:46:35	377737b2-4d0d-4e3a-a7ed-c06964c91304	POST	/auth	http://localhost:3000
20240126	20:46:43	6a503b45-e00d-4fc8-96a8-43365f0089a1	OPTIONS	/auth	http://localhost:3000
20240126	20:46:43	55167ffa-b33e-487b-bb68-f9e0a9ede17a	POST	/auth	http://localhost:3000
20240126	20:47:18	96142934-5861-4c54-add8-49fe696e0054	OPTIONS	/auth	http://localhost:3000
20240126	20:47:18	9bb02a4e-9239-4947-90d9-557c564eab06	POST	/auth	http://localhost:3000
20240126	20:47:27	2581ae21-418d-41be-8177-6f298a9a7b0e	OPTIONS	/auth	http://localhost:3000
20240126	20:47:27	df5cca20-17a7-4c8a-9549-11e633088a88	POST	/auth	http://localhost:3000
20240126	20:51:16	ad4793bb-6ef5-40e7-91cd-38b79344c630	OPTIONS	/auth	http://localhost:3000
20240126	20:51:16	1e28c4b9-d561-44ef-ade8-0e95068f817b	POST	/auth	http://localhost:3000
20240126	20:51:20	62050055-36fb-4031-b3b1-76f02a786ab7	OPTIONS	/auth	http://localhost:3000
20240126	20:51:20	82d1b296-c6ea-45a7-a595-0a67997e129b	POST	/auth	http://localhost:3000
20240126	20:51:25	0ea80262-69f1-492b-8282-48c3427ff65d	OPTIONS	/auth	http://localhost:3000
20240126	20:51:25	b063455f-12d7-4c48-a584-74def82d64c4	POST	/auth	http://localhost:3000
20240126	20:51:28	cc43b437-1100-4f1b-b5a2-0ecac595d8db	POST	/auth	http://localhost:3000
20240126	20:52:11	70de6e9f-3481-4a9e-a4f2-0871c1ad99be	OPTIONS	/auth	http://localhost:3000
20240126	20:52:11	f47ddb4c-d119-4b29-8eb7-3435d567c66c	POST	/auth	http://localhost:3000
20240126	20:52:12	e17a7f43-966f-4065-98ba-03be4ea95072	POST	/auth	http://localhost:3000
20240126	20:54:04	e32d8d68-6fa8-4367-a9c5-5007f26a3df4	OPTIONS	/auth	http://localhost:3000
20240126	20:54:04	59550b2b-5590-4860-9e7f-19e8f3067b84	POST	/auth	http://localhost:3000
20240126	20:56:16	8dc13cdd-d2f3-44e6-bc03-1f4de7012311	OPTIONS	/auth	http://localhost:3000
20240126	20:56:16	c66f655b-ab4d-44bf-8b7b-128055dd571c	POST	/auth	http://localhost:3000
20240126	20:56:54	9e3f0b74-983a-4100-a5e4-da82d932c4c4	OPTIONS	/auth	http://localhost:3000
20240126	20:56:54	7e07704b-9648-4f42-a864-e68ef25b38a4	POST	/auth	http://localhost:3000
20240126	20:59:52	f2ba8d29-66ec-4852-bafd-1514b63305f0	OPTIONS	/auth	http://localhost:3000
20240126	20:59:52	612e4957-1de2-4deb-88ea-3beb354f145f	POST	/auth	http://localhost:3000
20240126	21:00:14	a8655306-ff23-4894-8171-9c0c0ba2cfc7	OPTIONS	/auth	http://localhost:3000
20240126	21:00:14	ef09fa85-9726-4889-a9f5-ff0a44445e78	POST	/auth	http://localhost:3000
20240126	21:00:15	bc05fcfe-b7e0-4028-9aa5-ef4aa3b2a15c	POST	/auth	http://localhost:3000
20240126	21:00:37	cb64d30f-9909-455a-b44c-6c664a5a43ac	OPTIONS	/auth	http://localhost:3000
20240126	21:00:37	5e16ed25-3976-4760-934c-ebd0bd567a32	POST	/auth	http://localhost:3000
20240126	21:00:38	df8f6e3c-e464-4a51-9a37-d18d4484321f	POST	/auth	http://localhost:3000
20240126	21:00:38	1006dea3-d4da-4395-8af7-2e35d30d68b8	POST	/auth	http://localhost:3000
20240126	21:02:57	05bcb980-b254-4cca-8bd0-3b04f6f51680	OPTIONS	/auth	http://localhost:3000
20240126	21:02:57	7c6178be-5eed-40ba-a0c6-a96dba91fa61	POST	/auth	http://localhost:3000
20240126	21:04:04	e2689f01-1c39-4d12-9388-ed3515063ee0	OPTIONS	/auth	http://localhost:3000
20240126	21:04:04	de1b3df2-0b27-43ca-8898-090b08c91a11	POST	/auth	http://localhost:3000
20240126	21:05:17	3b4331d4-68e9-492b-b03e-d5016855466c	OPTIONS	/auth	http://localhost:3000
20240126	21:05:17	bbe02080-5f21-4aba-88cc-da5e2ca37fc6	POST	/auth	http://localhost:3000
20240126	21:05:57	9f02f9c1-da5a-4b16-88e6-e535c40a311e	OPTIONS	/auth	http://localhost:3000
20240126	21:05:57	9f3c7bed-0c1a-43d3-a067-4cb46d736281	POST	/auth	http://localhost:3000
20240126	21:08:25	c7a05dfe-80a1-4ebc-989c-a942f8dd49fb	OPTIONS	/auth	http://localhost:3000
20240126	21:08:25	258f084f-8368-43ff-b003-12b2d4d2ca6a	POST	/auth	http://localhost:3000
20240126	21:08:27	f7125c3d-e2f6-40bc-a960-18905d995edb	OPTIONS	/auth	http://localhost:3000
20240126	21:08:27	19c51560-fe6c-4ffb-a4fb-6238a4859192	POST	/auth	http://localhost:3000
20240126	21:08:29	665e87b5-54d2-43b5-bbec-a0cba7ef9f23	OPTIONS	/auth	http://localhost:3000
20240126	21:08:29	58875d53-3ca5-4c69-9398-e9a6675d1b86	POST	/auth	http://localhost:3000
20240126	21:08:30	9c2f1796-854b-4397-b619-a98a992eb905	OPTIONS	/auth	http://localhost:3000
20240126	21:08:30	36313984-3710-4a47-9ee2-9b7274332759	POST	/auth	http://localhost:3000
20240126	21:08:31	ffd56a78-0d09-40ff-8d54-e86aa58bf220	OPTIONS	/auth	http://localhost:3000
20240126	21:08:31	3d4f42a9-b74d-48e2-b624-0d86b90576e1	POST	/auth	http://localhost:3000
20240126	21:08:32	c517c8c1-40b0-43c0-ae5e-ff20a43f85ec	OPTIONS	/auth	http://localhost:3000
20240126	21:08:32	57c46910-2889-43c3-a1f7-1088fbba26b2	POST	/auth	http://localhost:3000
20240126	21:08:33	6c8b08b6-c13e-40b2-892a-44216e4ae5ef	OPTIONS	/auth	http://localhost:3000
20240126	21:08:33	0083d514-3cf3-4f6d-b1cd-60494f904c3f	POST	/auth	http://localhost:3000
20240126	21:11:52	48826708-f790-4c26-b21b-9d07269be8f4	GET	/tasks	http://localhost:3001
20240126	21:11:52	224c1985-3f55-4006-bac0-0a4b07a0fe77	GET	/users	http://localhost:3001
20240126	21:12:05	81bbcf58-d845-4d3e-abfa-1c10e760d059	GET	/tasks	http://localhost:3001
20240126	21:12:25	e44fe957-a89f-4fd8-8f36-839dbc9b9730	GET	/tasks	http://localhost:3001
20240126	21:12:45	10e7665e-2bbf-423b-a6ab-9b6dacae44cc	GET	/tasks	http://localhost:3001
20240126	21:13:06	db4d9353-67d2-4728-9cb0-8b92e501fc0a	GET	/tasks	http://localhost:3001
20240126	21:13:26	82584b81-b101-42a4-9866-cc8e0091430f	GET	/tasks	http://localhost:3001
20240126	21:13:46	7098ef10-fc42-45f0-8289-2c9315fee5ab	GET	/tasks	http://localhost:3001
20240126	21:14:06	764d5edd-5fe8-4c9f-b2ad-6f7e1507ff9c	GET	/tasks	http://localhost:3001
20240126	21:14:26	01c64cae-a60c-473a-83ae-248db7798275	GET	/tasks	http://localhost:3001
20240126	21:14:47	0dae91fc-4e97-4a0f-aacc-a2433ebd65a8	GET	/tasks	http://localhost:3001
20240126	21:15:07	77bdf209-6874-427f-af8e-19c69a64a282	GET	/tasks	http://localhost:3001
20240126	21:15:27	aa6944a6-0578-4d4c-becb-43a77a8a3e8b	GET	/tasks	http://localhost:3001
20240126	21:15:47	25661602-0faa-4cda-b1ff-9044d7c3e4b9	GET	/tasks	http://localhost:3001
20240126	21:16:07	0bf8f0ec-9fa2-47f0-a0eb-0e0177c1efcc	GET	/tasks	http://localhost:3001
20240126	21:16:28	28c43084-32ab-4f0e-ac32-a96bc1ea6362	GET	/tasks	http://localhost:3001
20240126	21:16:48	68469601-8fca-47b5-baec-e8d44f31e356	GET	/tasks	http://localhost:3001
20240126	21:17:09	e15d0b6c-c06e-460c-821f-26380d08d223	GET	/tasks	http://localhost:3001
20240126	21:17:29	3d83bb33-930a-4519-b880-ee04746c4112	GET	/tasks	http://localhost:3001
20240126	21:17:49	662860f9-1771-44b7-a405-9cb400eb00ae	GET	/tasks	http://localhost:3001
20240126	21:18:10	23b4eac6-d7f5-4a4f-8847-26960d781bf6	GET	/tasks	http://localhost:3001
20240126	21:18:30	69628e01-bc5a-4104-881a-f2e95b43f30c	GET	/tasks	http://localhost:3001
20240126	21:18:50	4a32418c-101d-4031-bc42-643ed6b3fee1	GET	/tasks	http://localhost:3001
20240126	21:19:10	c96f4295-e172-453e-ac3f-ba5e71c2d688	GET	/tasks	http://localhost:3001
20240126	21:19:30	9d1b1c67-dc6b-47eb-9f28-fc6829b4d5dc	GET	/tasks	http://localhost:3001
20240126	21:19:50	8baa8db9-43ac-40c2-84d4-35b3b3fd70e0	GET	/tasks	http://localhost:3001
20240126	21:20:07	8ebecbb9-dc52-4df8-b8e5-8178640c1b1a	GET	/tasks	http://localhost:3001
20240126	21:20:27	c0adad80-7dec-43a5-b5be-d790b0be3b4e	GET	/tasks	http://localhost:3001
20240126	21:20:47	92ecc229-3ee7-4633-9fd1-236c759e5157	GET	/tasks	http://localhost:3001
20240126	21:20:48	92b9c0ef-2c3a-4728-8e69-5ac20624c594	GET	/tasks	http://localhost:3001
20240126	21:21:08	1acb6225-e54c-4fbe-abf1-cfa682124354	GET	/tasks	http://localhost:3001
20240126	21:21:23	88ec7e99-c31f-4603-8611-0954ca2b08c5	GET	/tasks	http://localhost:3001
20240126	21:21:43	cc946a5c-1e17-480c-a2b0-1a73f099c1dc	GET	/tasks	http://localhost:3001
20240126	21:22:04	acfaa95c-46e9-4462-8a66-aefcd738f83a	GET	/tasks	http://localhost:3001
20240126	21:22:09	8de5d4cf-83e8-4151-8293-e7e4ec8bdbb2	GET	/tasks	http://localhost:3001
20240126	21:22:29	2dffca91-7400-4ffa-9a17-c0ea7804d134	GET	/tasks	http://localhost:3001
20240126	21:22:49	18c2901e-b183-480d-8ade-803aa6cfb77f	GET	/tasks	http://localhost:3001
20240126	21:22:56	9ddf7cf2-ed54-43ae-816c-31fa7d0a258d	GET	/tasks	http://localhost:3001
20240126	21:23:01	3889f532-353c-4e6f-adee-426dd0c383c2	GET	/tasks	http://localhost:3001
20240126	21:23:03	2650673c-4e42-48d2-96a8-4f27c7839fb1	POST	/auth/logout	http://localhost:3001
20240126	21:23:18	732d7a1b-c0fd-49f5-be07-3d9156386bcb	GET	/tasks/	http://localhost:3000
20240126	21:23:18	47356e22-5e24-4a55-9c6a-a1d37b638c56	GET	/tasks/	http://localhost:3000
20240126	21:24:27	dc91f613-b741-40fd-a02d-27a352a6ccc2	GET	/tasks/	http://localhost:3000
20240126	21:24:27	06c753cd-6ec8-418b-b5b9-4b3ae28b02f9	GET	/tasks/	http://localhost:3000
20240126	21:24:30	c83e5f6a-4292-47c0-bbef-c1e45ef21107	GET	/tasks/	http://localhost:3000
20240126	21:24:34	689a5058-4e86-45f0-be08-ac9941cafe36	POST	/auth/logout	http://localhost:3000
20240126	21:25:50	b04e1ba0-8b09-4e43-8d8c-826645ccd969	OPTIONS	/auth	http://localhost:3000
20240126	21:25:50	66f0db7f-4c97-4308-99c1-88b8f966f01c	POST	/auth	http://localhost:3000
20240126	21:33:01	1f00dc50-aafa-4525-8718-189e9ec2c797	OPTIONS	/auth	http://localhost:3000
20240126	21:33:01	0884ff24-d8d1-40c1-9ae8-5b905102125b	POST	/auth	http://localhost:3000
20240126	21:35:50	84f0e1c1-0044-4d90-a206-e1c0bdfca8a1	OPTIONS	/auth	http://localhost:3000
20240126	21:35:50	0b9dd6b1-f589-4f05-854f-d47212d78b3b	POST	/auth	http://localhost:3000
20240126	21:37:11	06752442-f570-4c21-a1a7-ee0f5ecf3350	GET	/tasks	http://localhost:3001
20240126	21:37:11	0b69126b-6783-4fd6-a639-b6a6e52ee1f5	GET	/users	http://localhost:3001
20240126	21:37:18	d41f6f94-bca4-4ff1-8bdc-019270c0ee98	GET	/tasks	http://localhost:3001
20240126	21:37:23	b4cc5528-4626-400a-b351-7bee70a54439	GET	/tasks	http://localhost:3001
20240126	21:37:26	3c240508-6538-4cd7-a6e2-b83153a5eba6	GET	/tasks	http://localhost:3001
20240126	21:37:36	8cfbc69a-a8dd-48c8-9740-11b3afdcfa11	GET	/tasks	http://localhost:3001
20240126	21:37:38	bb3df1b1-9f44-4d09-b1b2-d0b15242d87c	GET	/tasks	http://localhost:3001
20240126	21:37:40	9ebc98c0-eee3-4eb1-a58a-12bef898b5c7	GET	/tasks	http://localhost:3001
20240126	21:37:48	16f105ad-d67e-4444-a877-e81e7e27a43a	GET	/tasks/	http://localhost:3000
20240126	21:37:48	690f24da-5810-4484-b626-121830e7a46d	GET	/tasks/	http://localhost:3000
20240126	21:38:01	9eb6edc0-a544-49cb-b622-39c30e5d1d1f	GET	/tasks	http://localhost:3001
20240126	21:38:14	575d2574-27ad-4c5d-b876-0b5b7137c2fe	GET	/tasks	http://localhost:3001
20240126	21:38:18	026d8f14-100d-4a0d-bca8-35763d9ef41b	GET	/tasks	http://localhost:3001
20240126	21:38:21	54be066f-26d5-47f0-9b3e-4da085725005	GET	/tasks	http://localhost:3001
20240126	21:38:31	518d3bce-cd41-4593-87ff-319dd467a108	GET	/tasks	http://localhost:3001
20240126	21:38:41	68d251b2-c616-449f-bf07-aa81ceb7e44d	GET	/tasks	http://localhost:3001
20240126	21:38:47	649ff52e-8676-47b6-9196-00e04313d1e3	GET	/tasks	http://localhost:3001
20240126	21:38:52	9654a97b-6039-4fed-89eb-dbd19ef96284	GET	/tasks	http://localhost:3001
20240126	21:38:54	7b14c9c4-dac3-441e-8412-0dd1b5022272	GET	/tasks	http://localhost:3001
20240126	21:38:55	577de2c8-c70a-44bb-ab74-d20273d26994	GET	/tasks	http://localhost:3001
20240126	21:39:15	01689631-b9fc-40e6-9661-4c27c67c0705	GET	/tasks	http://localhost:3001
20240126	21:39:21	b6ec9a1a-488b-4686-9dad-8409a4a28f70	GET	/tasks	http://localhost:3001
20240126	21:39:41	87127828-8ac4-4998-9545-6725c4282049	GET	/tasks	http://localhost:3001
20240126	21:40:01	1bb9bb6a-9541-4ad9-be15-ae198a3df2e6	GET	/tasks	http://localhost:3001
20240126	21:40:21	5b789ada-0817-4ec9-b857-06a699cc06dc	GET	/tasks	http://localhost:3001
20240126	21:40:41	572f490b-7574-4016-a6e8-36f7c40393a0	GET	/tasks	http://localhost:3001
20240126	21:41:01	6a0255d7-a9f3-40b8-ae13-4245ea47de11	GET	/tasks	http://localhost:3001
20240126	21:41:21	06b3ba9b-c652-443c-a938-909bb6646f02	GET	/tasks	http://localhost:3001
20240126	21:41:41	8c173691-7fcf-4cf7-9fa7-b3c6b4fdad03	GET	/tasks	http://localhost:3001
20240126	21:42:01	6d9758d1-6b44-4a1b-9d6c-060f7965f7e6	GET	/tasks	http://localhost:3001
20240126	21:42:21	a46992fc-fe66-4127-87b7-f0975e51f7d3	GET	/tasks	http://localhost:3001
20240126	21:42:41	9e309d17-dca9-470f-a878-f7b6a282b8df	GET	/tasks	http://localhost:3001
20240126	21:43:01	3562a573-d081-4f9f-8b2a-b8e9f2c6a0ae	GET	/tasks	http://localhost:3001
20240126	21:43:21	6bb1964f-a307-4dbe-a0da-df34efb7b06e	GET	/tasks	http://localhost:3001
20240126	21:43:41	7dd33d9f-b823-4557-8f8a-4bbe00ebf8cc	GET	/tasks	http://localhost:3001
20240126	21:44:01	fb9854ae-2b4e-4270-b347-5d78685b4a42	GET	/tasks	http://localhost:3001
20240126	21:44:21	8a46b97b-985f-4e11-a173-ab1a9eb03b53	GET	/tasks	http://localhost:3001
20240126	21:44:41	ef639218-d289-43fc-b129-16c98141c836	GET	/tasks	http://localhost:3001
20240126	21:45:01	1fbdb428-722b-4422-8760-e298f2d2b099	GET	/tasks	http://localhost:3001
20240126	21:45:21	60cc20dc-1b33-4a0a-b8e7-a98245ca7f61	GET	/tasks	http://localhost:3001
20240126	21:45:41	a0871676-c6e0-4ce1-963b-04188d68bf21	GET	/tasks	http://localhost:3001
20240126	21:46:01	c42e2e4b-4342-4596-8cc8-0f4ee63540dd	GET	/tasks	http://localhost:3001
20240126	21:46:21	3ba872f2-e4ac-4a58-9369-2e3d5e36837c	GET	/tasks	http://localhost:3001
20240126	21:46:41	17fafca7-9020-41a8-aef6-dac7e2738f0b	GET	/tasks	http://localhost:3001
20240126	21:47:01	2ccc6cb8-71fc-4fb6-a481-5076b6fcd80f	GET	/tasks	http://localhost:3001
20240126	21:47:21	af5deaf5-97e2-4d3d-b94d-0f1739b0411d	GET	/tasks	http://localhost:3001
20240126	21:47:41	af90310a-ae03-4546-86a2-cce0908d32ed	GET	/tasks	http://localhost:3001
20240126	21:48:01	a399ea64-3324-41ab-b076-67584e14ea85	GET	/tasks	http://localhost:3001
20240126	21:48:21	37ad6fb0-5726-4adc-ace3-39d334526ca4	GET	/tasks	http://localhost:3001
20240126	21:48:43	c544d8d0-82a5-4f14-950f-a2ecdfa09ef0	GET	/tasks	http://localhost:3001
20240126	21:49:03	98d581db-c9a0-481b-890e-5fc5c06294da	GET	/tasks	http://localhost:3001
20240126	21:49:23	5583b8a8-4aa0-4895-8be7-6f4d42ac53b7	GET	/tasks	http://localhost:3001
20240126	21:49:43	4ba7b55c-c316-492b-ae91-5247b1db029d	GET	/tasks	http://localhost:3001
20240126	21:50:03	d65427d1-71a7-4435-a5da-f780c26e85fd	GET	/tasks	http://localhost:3001
20240126	21:50:23	1aa1c909-ea40-4daa-9e1e-6cd7989bc138	GET	/tasks	http://localhost:3001
20240126	21:50:43	3f646613-6701-4676-935c-e829a09b3413	GET	/tasks	http://localhost:3001
20240126	21:51:03	7be346fc-ec2e-493a-900f-346ed46536ac	GET	/tasks	http://localhost:3001
20240126	21:51:23	9d8fee8c-ad55-417c-af0a-b77eabbfa2fc	GET	/tasks	http://localhost:3001
20240126	21:51:43	b17ec774-5ff7-4495-885c-ec410d8ac0bb	GET	/tasks	http://localhost:3001
20240126	21:52:03	e49f9a92-fab4-4e6c-87a9-a2b32dce906d	GET	/tasks	http://localhost:3001
20240126	21:52:23	878ee094-5b85-4c93-aa8e-0b2077f68909	GET	/tasks	http://localhost:3001
20240126	21:52:43	90e6a061-6ac3-4a34-871f-badf5b72cc12	GET	/tasks	http://localhost:3001
20240126	21:53:05	3f43dbd1-dbc8-4364-b0d5-843d90f8fed7	GET	/tasks	http://localhost:3001
20240126	21:53:25	b08033dc-e25e-4f13-bbb1-afcdd59d4425	GET	/tasks	http://localhost:3001
20240126	21:53:45	8f82a23c-0bd4-4fe4-b0b8-de71da148ec0	GET	/tasks	http://localhost:3001
20240126	21:54:05	187c8ac8-8185-4ccb-801d-bf126ec5af4c	GET	/tasks	http://localhost:3001
20240126	21:54:25	37ccfa3c-38c6-4e71-9470-dbc45022f918	GET	/tasks	http://localhost:3001
20240126	21:54:30	bd3c69ca-d181-4cbc-ad50-d4770a69cf54	GET	/tasks	http://localhost:3001
20240126	21:54:50	51580443-5c1f-4976-8e46-af5d54e02c76	GET	/tasks	http://localhost:3001
20240126	21:54:53	6126729c-9611-4c12-b703-f973138c00fc	GET	/tasks	http://localhost:3001
20240126	21:55:13	6427d7a0-e7c0-40d4-bcb0-4bc5a0e65817	GET	/tasks	http://localhost:3001
20240126	21:55:33	3761df9d-dbdb-44b7-a348-6cd6fe496d16	GET	/tasks	http://localhost:3001
20240126	21:55:53	2ea94c84-cf18-443a-968f-3c135ca94307	GET	/tasks	http://localhost:3001
20240126	21:56:13	45d703d1-de99-4ee1-92a0-f40d6918db89	GET	/tasks	http://localhost:3001
20240126	21:56:33	000f314c-8a7d-4260-a25a-8b1c32d205f9	GET	/tasks	http://localhost:3001
20240126	21:56:53	7146985a-843a-4e45-a735-8b411d4dd956	GET	/tasks	http://localhost:3001
20240126	21:57:13	b73d9702-2a8d-46ce-9185-d81476769d76	GET	/tasks	http://localhost:3001
20240126	21:57:33	4f70effb-0a45-439a-b6d8-5f4ba7ac3397	GET	/tasks	http://localhost:3001
20240126	21:57:53	d109bf86-8327-4cef-8c6e-4628cab9bd4f	GET	/tasks	http://localhost:3001
20240126	21:58:13	f446b92a-9b46-4628-a0ea-93cc1a736a28	GET	/tasks	http://localhost:3001
20240126	21:58:16	7f7b21e0-98cc-4f1e-aff1-1397cfb6da11	GET	/tasks	http://localhost:3001
20240126	21:58:36	dce7cfca-e5d0-480f-bf47-b7182e942b3e	GET	/tasks	http://localhost:3001
20240126	21:58:56	8c88ab62-f11c-4aac-87c3-dcfe521449cc	GET	/tasks	http://localhost:3001
20240126	21:58:56	89f3a68e-913c-40a2-b546-7b1552617bfd	GET	/tasks	http://localhost:3001
20240126	21:59:16	55b973cb-2bd2-4cc1-be40-85e5c3840935	GET	/tasks	http://localhost:3001
20240126	21:59:36	bcee59f4-a87d-4557-afd0-3c9022889d92	GET	/tasks	http://localhost:3001
20240126	21:59:56	f6ff02b6-2b49-4eb9-9c9b-8496391b30b7	GET	/tasks	http://localhost:3001
20240126	22:00:16	7fbbd0bc-0e18-4121-9efd-aa042e730e6c	GET	/tasks	http://localhost:3001
20240126	22:00:36	2df5fd0b-d4ce-4877-a049-f7cb27794732	GET	/tasks	http://localhost:3001
20240126	22:00:56	3170b298-966c-4315-8e16-5d6529792c83	GET	/tasks	http://localhost:3001
20240126	22:01:05	fa41b5f7-65b6-4bb4-8f3d-f6bc2fe662dc	GET	/tasks	http://localhost:3001
20240126	22:01:25	60b19cb9-c837-4516-ae38-be8a117ab7c8	GET	/tasks	http://localhost:3001
20240126	22:01:25	7b29934c-bc54-449d-b25b-891f822d36ef	GET	/tasks	http://localhost:3001
20240126	22:01:40	128bdf2f-60ad-4d5b-bfad-c8e5bb3d44b9	GET	/tasks	http://localhost:3001
20240126	22:02:00	61229499-9bd9-43c4-ab81-f9675027c00a	GET	/tasks	http://localhost:3001
20240126	22:02:16	fe4c11f9-9ef8-45ae-aac2-9253d16070fc	GET	/tasks	http://localhost:3001
20240126	22:02:36	1c53b723-4ecc-46bc-8902-e3048dd5985b	GET	/tasks	http://localhost:3001
20240126	22:02:39	d12b717d-11e2-4edd-9f57-b5892def73f7	GET	/tasks	http://localhost:3001
20240126	22:02:45	f4264d46-a7c5-4e62-a04e-1dd984736a32	GET	/tasks	http://localhost:3001
20240126	22:03:05	5ac67276-be99-48ff-a74a-797bb7c8ddfa	GET	/tasks	http://localhost:3001
20240126	22:03:25	39bb5855-fa8d-4f91-a3ba-16bbbe82a310	GET	/tasks	http://localhost:3001
20240126	22:03:28	0bf0d148-e32b-4755-a0d5-5c5801f17734	GET	/tasks	http://localhost:3001
20240126	22:03:41	c4c88e56-933b-4f55-bb99-73c2f92102d4	GET	/tasks	http://localhost:3001
20240126	22:04:01	0ab6aa59-d3d5-44df-b634-6cb4862400ad	GET	/tasks	http://localhost:3001
20240126	22:04:05	25f1c56e-7a87-4645-a074-3ce87db5ac1d	GET	/tasks	http://localhost:3001
20240126	22:04:25	7bf9647e-8f7e-415d-a51e-c4f0ee6eedc0	GET	/tasks	http://localhost:3001
20240126	22:04:30	a78063ed-1e6d-458b-8c27-b9daf14c91bc	GET	/tasks	http://localhost:3001
20240126	22:04:41	b6b00e7f-1269-43ab-a65d-fb7f1a73fc8f	GET	/tasks	http://localhost:3001
20240126	22:04:54	dba49ede-ee65-49e5-b09f-9093bc48793f	GET	/tasks	http://localhost:3001
20240126	22:05:09	a6dd20ee-7b46-4a20-84f3-ada15b1a70d0	GET	/tasks	http://localhost:3001
20240126	22:05:14	805cac5b-1461-4ec1-b865-4ea86a3ba8a6	GET	/tasks	http://localhost:3001
20240126	22:05:34	404f0b97-ed19-4683-996f-dacc357313ea	GET	/tasks	http://localhost:3001
20240126	22:05:54	c9e669ce-fb70-4b74-831b-1b7dfd3f7030	GET	/tasks	http://localhost:3001
20240126	22:06:05	01cc8595-bf2f-468a-9e8b-173f89319cb6	GET	/tasks	http://localhost:3001
20240126	22:06:26	8c56d846-2ca4-4af6-8241-c25f6cbe1af3	GET	/tasks	http://localhost:3001
20240126	22:06:26	059636d9-71f4-455f-930a-a4f17f4bbb36	GET	/tasks	http://localhost:3001
20240126	22:06:41	49e1bc4e-a7c0-4a8b-ac94-0f1a3e01d8a3	GET	/tasks	http://localhost:3001
20240126	22:07:01	e6eecc9c-2b72-4d75-8474-8b2709da19d2	GET	/tasks	http://localhost:3001
20240126	22:07:20	97e01aa9-67d9-4b67-8e73-9b886954e074	GET	/tasks	http://localhost:3001
20240126	22:07:40	c4f84f80-d29a-438a-a607-453bbecc1f83	GET	/tasks	http://localhost:3001
20240126	22:08:00	3024f5a9-b30c-4015-b4cd-74509b26f92e	GET	/tasks	http://localhost:3001
20240126	22:08:20	a840ced3-fe23-4956-9657-99e576a315d0	GET	/tasks	http://localhost:3001
20240126	22:08:40	6dd971b1-834d-4a62-a95d-2820cf42e040	GET	/tasks	http://localhost:3001
20240126	22:09:00	ef558cea-e6fa-4695-9e6d-38d52f7954b8	GET	/tasks	http://localhost:3001
20240126	22:09:20	2ffd94d0-7041-44bf-a7ef-a26dd070be63	GET	/tasks	http://localhost:3001
20240126	22:09:40	04cede5c-b0e0-41c0-9352-090b12b222d7	GET	/tasks	http://localhost:3001
20240126	22:10:00	c2668620-153d-4b52-81db-7704d6c10424	GET	/tasks	http://localhost:3001
20240126	22:10:20	299cf820-6321-402d-836b-4eb95aa50b6f	GET	/tasks	http://localhost:3001
20240126	22:10:40	1ad4c490-ebb4-4a2a-8f07-6cc6abf7ca6c	GET	/tasks	http://localhost:3001
20240126	22:11:00	83c6ee14-c434-4249-a0c6-3f0abcd624df	GET	/tasks	http://localhost:3001
20240126	22:11:10	4716d52b-6994-42df-94ff-d50c215123a4	OPTIONS	/auth	http://localhost:3000
20240126	22:11:10	6e20756c-67e6-422c-85e7-65e718314fa0	POST	/auth	http://localhost:3000
20240126	22:11:20	0a6610e5-76f6-42c9-a769-27e4f150a34f	GET	/tasks	http://localhost:3001
20240126	22:11:40	c3e80033-5061-48aa-be3a-91e9aab425c9	GET	/tasks	http://localhost:3001
20240126	22:11:45	d7ae61fc-48de-47e6-b89d-0a9124ca2b56	OPTIONS	/auth	http://localhost:3000
20240126	22:11:45	8a909b21-e52f-440e-8b1e-56f89f924582	POST	/auth	http://localhost:3000
20240126	22:12:00	a37db21f-e0e5-4222-8f0d-81bb36d5a14b	GET	/tasks	http://localhost:3001
20240126	22:12:20	01b29557-f3c6-4da7-be2e-9767f689b33b	GET	/tasks	http://localhost:3001
20240126	22:12:40	c8462f7c-c320-47bf-88b5-91198438f831	GET	/tasks	http://localhost:3001
20240126	22:13:00	a7be93f0-5427-430d-a765-a320d46f9d79	GET	/tasks	http://localhost:3001
20240126	22:13:20	1e908c6e-db87-4c32-98b9-b1742c11f4fe	GET	/tasks	http://localhost:3001
20240126	22:13:40	72318473-9bb4-425c-aaba-65dc9bb36689	GET	/tasks	http://localhost:3001
20240126	22:14:00	c113b5f8-05a7-41c1-8cab-8af34f10164d	GET	/tasks	http://localhost:3001
20240126	22:14:09	4200de45-2a39-4449-810e-9cab4ea37f6e	GET	/tasks	http://localhost:3001
20240126	22:14:12	eeb2d46f-2e98-46ea-83ff-59d8e8e8a85d	GET	/tasks	http://localhost:3001
20240126	22:14:12	ea740021-1dfe-4fbf-beba-b8d3d491c308	GET	/users	http://localhost:3001
20240126	22:14:13	b6fa4171-8cf9-4d8c-9acc-83a62c343101	GET	/tasks	http://localhost:3001
20240126	22:14:13	5a586c5f-0b72-4065-be3d-497ac2e28497	GET	/users	http://localhost:3001
20240126	22:14:14	27db70a8-febc-4c3e-9518-e4b6db102e1c	GET	/tasks	http://localhost:3001
20240126	22:14:14	aa5a90ca-8791-48cc-b60b-60eedbcb28a3	GET	/users	http://localhost:3001
20240126	22:14:34	704e90f6-cb3b-46cd-b741-7478f0aa4eac	GET	/tasks	http://localhost:3001
20240126	22:14:54	532400bb-154a-43b4-985a-40c1574df166	GET	/tasks	http://localhost:3001
20240126	22:15:15	d0e0f9b0-babe-46a9-bf61-e77771db3fa2	GET	/tasks	http://localhost:3001
20240126	22:15:35	c78523bb-1ae5-4169-b5cd-3ce1d56f5485	GET	/tasks	http://localhost:3001
20240126	22:15:55	0f9c45ad-3a71-43f5-a474-02f3f399c3d3	GET	/tasks	http://localhost:3001
20240126	22:16:15	e8b0fc7e-940f-4f5e-9f08-aa1450082c5f	GET	/tasks	http://localhost:3001
20240126	22:16:35	192a07fa-be5b-44bd-b7fd-d39189b6296b	GET	/tasks	http://localhost:3001
20240126	22:16:56	6aab7ef9-1bb8-409d-87f2-9e85d4c9b6cd	GET	/tasks	http://localhost:3001
20240126	22:17:16	ad86207b-b5d4-4313-af16-f3c320370ba7	GET	/tasks	http://localhost:3001
20240126	22:17:36	6cd91a21-f7fb-490d-aff5-cdaf22360fa5	GET	/tasks	http://localhost:3001
20240126	22:17:56	6f38191d-040d-4549-9aaf-4169aff5bf89	GET	/tasks	http://localhost:3001
20240126	22:18:16	9a00824b-2675-4b72-9e49-b26f90ed7087	GET	/tasks	http://localhost:3001
20240126	22:18:37	bf99b892-4815-41d4-8b9e-bfb51e4c78c2	GET	/tasks	http://localhost:3001
20240126	22:18:57	f6ab55ce-104d-419f-8a50-d6fbdb06adc9	GET	/tasks	http://localhost:3001
20240126	22:19:17	2ff70c66-ae9b-4c93-8bf5-892380ba0c49	GET	/tasks	http://localhost:3001
20240126	22:19:37	c90549f7-81f3-4031-8e34-aa7ad3cf3967	GET	/tasks	http://localhost:3001
20240126	22:19:57	2b5d219e-4934-44b7-87f9-6b0870817fdf	GET	/tasks	http://localhost:3001
20240126	22:20:18	c4a65bb6-7aeb-4555-b6b3-a7a463fe6fb2	GET	/tasks	http://localhost:3001
20240126	22:20:38	e5929bc0-d616-4c21-b426-2fcd5f0d0a4d	GET	/tasks	http://localhost:3001
20240126	22:20:58	eefc17b1-7e77-4635-b9ed-b40d6f541faf	GET	/tasks	http://localhost:3001
20240126	22:21:18	ebc60867-ea5d-4499-b99b-e0ad5ce5cea7	GET	/tasks	http://localhost:3001
20240126	22:21:38	36e0e4e4-a853-4b0a-93b9-433c30370f4d	GET	/tasks	http://localhost:3001
20240126	22:21:59	f391c621-5fb7-428f-874f-b930487a8002	GET	/tasks	http://localhost:3001
20240126	22:22:19	a2832467-326c-45a6-8d0b-803fcc67312a	GET	/tasks	http://localhost:3001
20240126	22:22:39	1bcca53a-b8ec-4a11-b0ca-d346ff4914ac	GET	/tasks	http://localhost:3001
20240126	22:22:59	7553de26-8913-4ff7-9ae9-b2cd4e1e2e7b	GET	/tasks	http://localhost:3001
20240126	22:23:19	317a9a91-ef26-4f00-aaff-854fde2768d0	GET	/tasks	http://localhost:3001
20240126	22:23:40	2309110a-3d9e-49c1-9cbd-bccd4b133859	GET	/tasks	http://localhost:3001
20240126	22:24:00	036a906a-2215-429c-a2a0-346c1485efb3	GET	/tasks	http://localhost:3001
20240126	22:24:20	195abc3a-d28e-44f7-b14a-4f8d751db571	GET	/tasks	http://localhost:3001
20240126	22:24:40	55efba06-1a4f-47b7-93d5-8ef96e56bdbf	GET	/tasks	http://localhost:3001
20240126	22:25:00	a3b10917-e1de-4090-90ee-90973fe0e034	GET	/tasks	http://localhost:3001
20240126	22:25:21	a5cbae06-1f59-48bf-9697-b18b6e1f47e5	GET	/tasks	http://localhost:3001
20240126	22:25:41	fb08585a-5d8d-49e2-a996-e0de53c18b81	GET	/tasks	http://localhost:3001
20240126	22:26:01	54d2cffe-8754-468a-8e6f-1f317958dacf	GET	/tasks	http://localhost:3001
20240126	22:26:21	271ba874-ffb5-466c-82ba-2c6012fcf135	GET	/tasks	http://localhost:3001
20240126	22:26:41	1d2ec05a-549f-4b59-8391-03bbf6e1a4aa	GET	/tasks	http://localhost:3001
20240126	22:27:01	c61bd3da-160e-40fd-b946-9e7f0e349f89	GET	/tasks	http://localhost:3001
20240126	22:27:22	67ab7189-ecaa-48fb-a93d-0cbac34b0c0f	GET	/tasks	http://localhost:3001
20240126	22:27:42	c6024c37-4551-4f4c-bb00-5309b9bbfbbd	GET	/tasks	http://localhost:3001
20240126	22:28:02	90bce2c5-a172-46a8-b41c-20d76c8649cb	GET	/tasks	http://localhost:3001
20240126	22:28:22	2831efb2-7195-429d-8c17-f25a17a5f94a	GET	/tasks	http://localhost:3001
20240126	22:28:42	dc917459-0337-46ee-8dd8-5bbce851c565	GET	/tasks	http://localhost:3001
20240126	22:29:03	d18bc8b6-ea42-4017-9001-1d112f161799	GET	/tasks	http://localhost:3001
20240126	22:29:23	2dc6b245-44b2-4cdf-bf7a-f8e51ad733b1	GET	/tasks	http://localhost:3001
20240126	22:29:43	a7f0bbbb-476e-43dd-b6a8-6d3b7d6134f0	GET	/tasks	http://localhost:3001
20240126	22:30:03	3d27eaa6-c7b4-4c7e-a422-108f0b381cc6	GET	/tasks	http://localhost:3001
20240126	22:30:23	ff12c2b8-f72c-4a9a-b2c6-9bb047ea3177	GET	/tasks	http://localhost:3001
20240126	22:30:44	5f35d31f-c78b-40b8-9894-7ac30061de58	GET	/tasks	http://localhost:3001
20240126	22:31:04	308b7845-5d56-4eee-9e0a-69808a7a6504	GET	/tasks	http://localhost:3001
20240126	22:31:23	a624a667-db15-40ea-ac8d-45bcab38e880	OPTIONS	/auth	http://localhost:3000
20240126	22:31:23	1dd29649-d9ac-4017-aa82-59ea3244420f	POST	/auth	http://localhost:3000
20240126	22:31:24	2c0c5287-63d8-4135-a417-6b1998d4343a	GET	/tasks	http://localhost:3001
20240126	22:31:44	eb82813f-047d-46c6-be43-240e178e00cb	GET	/tasks	http://localhost:3001
20240126	22:31:49	c3328803-6f66-480a-95c0-e80d81002f7b	OPTIONS	/auth	http://localhost:3000
20240126	22:31:49	1902d944-d2c6-4498-913f-e8437a92c3d6	POST	/auth	http://localhost:3000
20240126	22:32:04	e37bd49e-d9c3-4d3b-b648-7cb144c736a0	GET	/tasks	http://localhost:3001
20240126	22:32:25	214da564-5a3c-4456-83da-ad855e114420	GET	/tasks	http://localhost:3001
20240126	22:32:27	2e3f77bc-f887-4177-8ec9-e812f8f6775c	OPTIONS	/auth	http://localhost:3000
20240126	22:32:27	cc0de3d7-5288-408f-97ce-737509b0d4fe	POST	/auth	http://localhost:3000
20240126	22:32:29	24da5d74-01af-488c-a5d4-847091ff7673	POST	/auth	http://localhost:3000
20240126	22:32:30	f1b0495f-3396-4450-a3d6-154c2e35a5ac	POST	/auth	http://localhost:3000
20240126	22:32:34	f660d71c-ada3-4114-9636-d757411836ce	OPTIONS	/auth	http://localhost:3000
20240126	22:32:34	9902614e-d044-4b3a-9fc8-1dd1498f7034	POST	/auth	http://localhost:3000
20240126	22:32:39	c4162121-288a-4218-aea7-5eaa23e05dd5	POST	/auth	http://localhost:3000
20240126	22:32:45	37701fc8-5ff5-4e05-a74d-eabc7e8acd36	GET	/tasks	http://localhost:3001
20240126	22:33:05	fab23803-2a2a-4465-bebf-4ac97143a699	GET	/tasks	http://localhost:3001
20240126	22:33:24	810350ec-9464-4d30-9c50-ab880bb3457e	GET	/tasks	http://localhost:3001
20240126	22:33:44	9c0dc041-ad06-467e-8b9d-1888123e5786	GET	/tasks	http://localhost:3001
20240126	22:34:05	1f5eb991-7ac1-4ce9-b46f-c79e9aef2fe7	GET	/tasks	http://localhost:3001
20240126	22:34:25	caa0f707-d519-42b8-8c95-a337353d3715	GET	/tasks	http://localhost:3001
20240126	22:34:45	b062f33b-a4af-441f-b07b-e4812cefe507	GET	/tasks	http://localhost:3001
20240126	22:35:01	724b7ed8-8ecd-415a-bcbc-7d396a9ce789	OPTIONS	/auth	http://localhost:3000
20240126	22:35:01	0616c65f-f4db-433a-917a-c4dd50a91779	POST	/auth	http://localhost:3000
20240126	22:35:03	ebc1d50d-3f36-4743-ab7a-68e504075062	POST	/auth	http://localhost:3000
20240126	22:35:05	aa980231-e3b6-4dec-aa5b-a55935787d0f	GET	/tasks	http://localhost:3001
20240126	22:35:12	86b4af84-66f1-455f-a77a-aaf6dafafd5f	GET	/tasks	http://localhost:3001
20240126	22:45:17	b71e3c0d-64ec-4fa9-87a7-5cb5860797c9	GET	/tasks	http://localhost:3001
20240126	22:45:17	723ba984-c005-4089-934f-28ff2932b728	GET	/users	http://localhost:3001
20240126	22:45:37	2de770f3-bad5-496f-8922-22126ee66fb8	GET	/tasks	http://localhost:3001
20240126	22:45:57	a42200d4-e83b-4876-b9e2-05d1c94c700d	GET	/tasks	http://localhost:3001
20240126	22:46:18	9b8211a8-b6a2-47b8-9ed0-b2e3f5970eff	GET	/tasks	http://localhost:3001
20240126	22:46:38	a7b92e7f-282f-4417-a8ed-2356c13c90b9	GET	/tasks	http://localhost:3001
20240126	22:46:58	39dac94e-60ce-4314-a9db-4df8687b7f9c	GET	/tasks	http://localhost:3001
20240126	22:47:18	2db12e08-8a8a-4139-a2be-c8a77331a76d	GET	/tasks	http://localhost:3001
20240126	22:47:38	958ad809-9161-4add-b891-33c36d52b7f9	GET	/tasks	http://localhost:3001
20240126	22:47:50	cb903e18-43c2-4f6d-a268-fc9e03f1e142	GET	/tasks	http://localhost:3000
20240126	22:47:58	c041efe2-34d7-4dcf-bef0-9d9fe40830aa	GET	/tasks	http://localhost:3001
20240126	22:48:10	cfc8cff0-32d0-4b78-9871-313db98d3734	GET	/tasks	http://localhost:3000
20240126	22:48:14	c88117e2-093e-433e-af83-1cff30df52de	GET	/tasks	http://localhost:3000
20240126	22:48:19	977142a4-d91a-49cc-b1cf-330cfdbb3b6e	GET	/tasks	http://localhost:3001
20240126	22:48:34	3181924b-43e1-49f1-9b6e-e1549a7dac57	GET	/tasks	http://localhost:3000
20240126	22:48:39	742b14a8-40f4-4e7e-87b3-36f3ae5144c7	GET	/tasks	http://localhost:3001
20240126	22:48:55	b82f4b02-eba2-49e1-9245-2f8bedaf31b3	GET	/tasks	http://localhost:3000
20240126	22:48:59	5bdbc795-e938-49fa-b723-ae5dcc090b87	GET	/tasks	http://localhost:3001
20240126	22:49:15	a22702f4-6c98-426d-b507-e1f29afb40cb	GET	/tasks	http://localhost:3000
20240126	22:49:19	9a4b9430-ad9a-443c-85c7-8ab4826ffe51	GET	/tasks	http://localhost:3001
20240126	22:49:35	6518e883-cbdb-4047-ada3-f7a43c003c43	GET	/tasks	http://localhost:3000
20240126	22:49:39	b806bb20-742c-492d-a8ed-6cf1f6655882	GET	/tasks	http://localhost:3001
20240126	22:49:55	ec151992-03a6-40a8-91ff-c68b50b0d899	GET	/tasks	http://localhost:3000
20240126	22:50:00	4d6c87d5-07d7-45dd-a55e-b08c19301009	GET	/tasks	http://localhost:3001
20240126	22:50:15	8e5a4b51-c4d5-4a50-adab-78c606268924	GET	/tasks	http://localhost:3000
20240126	22:50:20	7443fac9-cebb-4413-a9b9-5a441c97e498	GET	/tasks	http://localhost:3001
20240126	22:50:35	644be675-90f3-42a9-bb47-54d667461852	GET	/tasks	http://localhost:3000
20240126	22:50:40	eae0c52e-3bba-418a-9568-0787d1802b98	GET	/tasks	http://localhost:3001
20240126	22:50:55	4b097a56-8962-42e0-bc53-0046bf135285	GET	/tasks	http://localhost:3000
20240126	22:51:00	3d53f8c1-9651-4f44-936c-0efdb845b08a	GET	/tasks	http://localhost:3001
20240126	22:51:11	6158a327-f1ee-4e91-909d-5ed1dea89332	GET	/tasks	http://localhost:3000
20240126	22:51:20	0009520e-8ec1-4658-a455-cf4731a66878	GET	/tasks	http://localhost:3000
20240126	22:51:20	7ad5fde5-6cdd-43d4-9a3c-d6ba3a37e78c	GET	/tasks	http://localhost:3001
20240126	22:51:29	73fb0d60-6299-4b8c-94b8-047791a36a1f	GET	/tasks	http://localhost:3000
20240126	22:51:41	bbab3304-aed6-4206-9cc0-e674d9b083d7	GET	/tasks	http://localhost:3001
20240126	22:51:49	748b1ef4-2694-4c73-b6ba-85123f5f8553	GET	/tasks	http://localhost:3000
20240126	22:52:01	1376305a-7e7d-4623-bc76-076c9a550871	GET	/tasks	http://localhost:3001
20240126	22:52:08	52ca865a-80c6-4efb-9a08-0b656782dc73	GET	/tasks	http://localhost:3000
20240126	22:52:21	21b5a0b8-9848-45aa-bf40-ea37b2ef5520	GET	/tasks	http://localhost:3001
20240126	22:52:28	2cc997b9-2eea-4139-a1db-7e66e8daca82	GET	/tasks	http://localhost:3000
20240126	22:52:41	8022dc2b-cd7e-4565-94f0-b0c0bb328daa	GET	/tasks	http://localhost:3001
20240126	22:52:48	fefcf2ed-c832-4c05-bc99-63552e3f52e6	GET	/tasks	http://localhost:3000
20240126	22:53:01	e2ec773e-f062-4470-912c-2ca828cb76ed	GET	/tasks	http://localhost:3001
20240126	22:53:09	ff82d6ce-ed4b-41c1-beaa-e4a851257fd3	GET	/tasks	http://localhost:3000
20240126	22:53:21	902d19af-5de3-4a43-a7a8-ccb327e95209	GET	/tasks	http://localhost:3001
20240126	22:53:29	bf0ffea4-1119-4363-b5b6-7f18b07e83dd	GET	/tasks	http://localhost:3000
20240126	22:53:42	4fe393f5-80d3-45b8-bd42-91bee9a2583a	GET	/tasks	http://localhost:3001
20240126	22:53:49	da79e49b-e5c3-46f1-9660-4407204b0deb	GET	/tasks	http://localhost:3000
20240126	22:54:01	cca560f8-5626-412a-8140-6bfd67bcca24	GET	/tasks	http://localhost:3000
20240126	22:54:02	1833aeed-327f-4444-9344-77a8c3cf8844	GET	/tasks	http://localhost:3001
20240126	22:54:07	c9919bf0-0e67-4efa-b4f3-647d4cceb35d	GET	/tasks	http://localhost:3000
20240126	22:54:22	ebd8fadd-9c1e-40ed-9c2d-3e47244810cf	GET	/tasks	http://localhost:3001
20240126	22:54:27	5fdd1261-7e2e-4a59-b9e1-1c3076f69d38	GET	/tasks	http://localhost:3000
20240126	22:54:29	98d99283-6147-4331-99b8-1c91d8fcb898	GET	/tasks	http://localhost:3000
20240126	22:54:42	3d862179-bdae-4837-8fbe-bc9b39fd08f5	GET	/tasks	http://localhost:3001
20240126	22:54:49	d84121f3-ec12-4f87-94ba-7bb584833dae	GET	/tasks	http://localhost:3000
20240126	22:55:02	e116c1fd-1af9-43d5-a3c1-1917b2322175	GET	/tasks	http://localhost:3001
20240126	22:55:02	86b563d0-cf40-4b7f-957b-6c778ede78a0	GET	/tasks	http://localhost:3000
20240126	22:55:20	d7336265-8a43-428a-8325-6c719d68deba	GET	/tasks	http://localhost:3000
20240126	22:55:23	d64eb39b-0195-4c7a-a97c-b097f9d60d4e	GET	/tasks	http://localhost:3001
20240126	22:55:40	5c2a6760-4b92-4744-ae69-3e70ff7c58f2	GET	/tasks	http://localhost:3000
20240126	22:55:43	671ec979-f848-4ff3-b3b0-e0c11a8499f6	GET	/tasks	http://localhost:3001
20240126	22:56:00	b3db1404-549f-4ce7-87a2-fcb3e325f390	GET	/tasks	http://localhost:3000
20240126	22:56:03	0a3859ed-4b6f-443a-b669-e4dab7425635	GET	/tasks	http://localhost:3001
20240126	22:56:20	c0168142-3b7b-43e3-8ceb-d443d78f316d	GET	/tasks	http://localhost:3000
20240126	22:56:23	f0d9aaa7-b706-49f8-8bbf-f63ad773dd13	GET	/tasks	http://localhost:3001
20240126	22:56:33	b91bfa69-0686-4ed3-a19e-911eeb405595	GET	/tasks	http://localhost:3000
20240126	22:56:43	bbedff91-222e-42ba-a394-8912daf282e6	GET	/tasks	http://localhost:3001
20240126	22:56:53	f2e5db7d-7aa3-43d6-bf16-3bef45b3c3b3	GET	/tasks	http://localhost:3000
20240126	22:57:03	010f4cf0-99e6-4eea-8e17-039598345884	GET	/tasks	http://localhost:3001
20240126	22:57:13	ea39087f-096f-44a3-a47a-3b4704301cd5	GET	/tasks	http://localhost:3000
20240126	22:57:23	35fca3ad-43da-43f2-b418-b0dc3e2eddf6	GET	/tasks	http://localhost:3001
20240126	22:57:33	500fe4f0-86b4-4842-b9d0-c7c4a6e0fe4f	GET	/tasks	http://localhost:3000
20240126	22:57:44	3b822f58-17f9-42f0-8b61-b3e755bf8656	GET	/tasks	http://localhost:3001
20240126	22:57:53	04c07de6-5861-407e-b082-46c95b1ba863	GET	/tasks	http://localhost:3000
20240126	22:58:04	92b10b6b-6c1f-4718-ad0c-0fb3554daccb	GET	/tasks	http://localhost:3001
20240126	22:58:13	c3f3cef9-5621-424a-81ea-8d25fb3a196b	GET	/tasks	http://localhost:3000
20240126	22:58:24	1adfbf97-463e-4bc7-8026-8a2f17fb2c6a	GET	/tasks	http://localhost:3001
20240126	22:58:33	3b9f21fd-e5f4-43ee-834b-4b368b9a59b3	GET	/tasks	http://localhost:3000
20240126	22:58:44	34b26ea7-1e11-43ac-931b-4902eead946c	GET	/tasks	http://localhost:3001
20240126	22:58:54	5ba24a1a-e33f-48d1-8c78-19203eaa0428	GET	/tasks	http://localhost:3000
20240126	22:59:05	f4a23bf7-3412-4daf-b5f8-b2c4f6903203	GET	/tasks	http://localhost:3001
20240126	22:59:14	479f34ac-a026-4c0f-b134-9d7275bc641b	GET	/tasks	http://localhost:3000
20240126	22:59:25	a8669d56-e394-4ce0-9d84-3e64196ea57a	GET	/tasks	http://localhost:3001
20240126	22:59:34	fb3d6e99-74aa-4286-8a74-6993e9fac50d	GET	/tasks	http://localhost:3000
20240126	22:59:45	db198898-0b01-404c-89fc-dcf5bc95bb72	GET	/tasks	http://localhost:3001
20240126	22:59:54	90359377-edf3-4b09-b050-2347d8db9947	GET	/tasks	http://localhost:3000
20240126	23:00:05	78ac5a70-19b0-4105-aee8-169638842275	GET	/tasks	http://localhost:3001
20240126	23:00:14	254704ed-ebcd-4404-b456-8c31bfffab04	GET	/tasks	http://localhost:3000
20240126	23:00:25	a57dbc73-27e7-4cc7-9e33-295114a65246	GET	/tasks	http://localhost:3001
20240126	23:00:34	6afee7f8-bceb-459d-b11b-a10f0e33cfd3	GET	/tasks	http://localhost:3000
20240126	23:00:46	7be6c8bf-00c3-4531-8d90-0119db2a743d	GET	/tasks	http://localhost:3001
20240126	23:00:54	69bd4ad7-e5d8-4fb8-8bc9-bbbdf19d0b77	GET	/tasks	http://localhost:3000
20240126	23:01:06	791b9752-de36-48ab-8e1d-df74cf8e6671	GET	/tasks	http://localhost:3001
20240126	23:01:14	ddd56235-57fd-40df-bbb4-db28f079a16c	GET	/tasks	http://localhost:3000
20240126	23:01:26	254232ce-3201-4fba-a5fd-6826812436f9	GET	/tasks	http://localhost:3001
20240126	23:01:35	f029de38-4749-4242-a045-9fed2be4c1e6	GET	/tasks	http://localhost:3000
20240126	23:01:46	52433852-df52-4454-b322-99eebdb6e225	GET	/tasks	http://localhost:3001
20240126	23:01:55	d1983bfe-6e33-4905-8ec7-7a50f1ca8e07	GET	/tasks	http://localhost:3000
20240126	23:02:06	acb6295a-dca5-481e-9e59-606f502d0ad3	GET	/tasks	http://localhost:3001
20240126	23:02:15	a4594db3-e313-4ac9-8820-321739068cff	GET	/tasks	http://localhost:3000
20240126	23:02:26	25d14473-a4d3-4ece-94d8-1213109aad73	GET	/tasks	http://localhost:3001
20240126	23:02:35	dbf1065f-3e76-41d4-981b-6f140889b767	GET	/tasks	http://localhost:3000
20240126	23:02:47	1291e1ff-c187-40a5-92fd-eef3a650f1af	GET	/tasks	http://localhost:3001
20240126	23:02:55	6365b05a-5a63-4726-a98b-94ac4f1996df	GET	/tasks	http://localhost:3000
20240126	23:03:07	37243dfd-b342-4ffe-8f9f-ea860ae55eb0	GET	/tasks	http://localhost:3001
20240126	23:03:15	8d5a15dd-8a68-4d2c-a543-2168dd51ac5a	GET	/tasks	http://localhost:3000
20240126	23:03:27	d21d4bcb-60cd-4796-96fd-d73927fc1a74	GET	/tasks	http://localhost:3001
20240126	23:03:35	897f0492-d1c2-4137-906f-ce41fa15845f	GET	/tasks	http://localhost:3000
20240126	23:03:47	723e2d0a-6eb6-41a8-8209-b80289b67ac9	GET	/tasks	http://localhost:3001
20240126	23:03:55	e74f95fc-228d-460d-bda0-49ae465dfbd2	GET	/tasks	http://localhost:3000
20240126	23:04:07	4f056490-90a1-40fc-913a-08b618e49a9f	GET	/tasks	http://localhost:3001
20240126	23:04:15	c8a9b016-2385-42c7-9c92-3a3989ec3936	GET	/tasks	http://localhost:3000
20240126	23:04:28	7b0d2833-d758-4ccc-abe9-7eab00e03803	GET	/tasks	http://localhost:3001
20240126	23:04:36	dda0c3a4-23b6-4e94-9b9e-d58e9b6716e3	GET	/tasks	http://localhost:3000
20240126	23:04:48	7f3b2866-f7f1-4d03-922b-8022b536853f	GET	/tasks	http://localhost:3001
20240126	23:04:56	81afb1f0-6fd0-4ce7-b58e-0c6c32d365c2	GET	/tasks	http://localhost:3000
20240126	23:05:08	a2324077-2857-46c5-80d2-6a210e161cc0	GET	/tasks	http://localhost:3001
20240126	23:05:16	2dafbf7e-1029-443e-87e1-22f1a4f8f618	GET	/tasks	http://localhost:3000
20240126	23:05:28	27db533d-0831-4b1e-843b-116afc9a528f	GET	/tasks	http://localhost:3001
20240126	23:05:36	e6880780-70a2-42fb-9658-f4175bb77b4a	GET	/tasks	http://localhost:3000
20240126	23:05:48	32448f9f-43e7-43e7-8d96-2fbc4180ec69	GET	/tasks	http://localhost:3001
20240126	23:05:56	fe9261c5-2071-47c5-9d8e-7c5af9e62c0d	GET	/tasks	http://localhost:3000
20240126	23:06:08	ba58a2e4-877a-41be-8ac8-1faed40bde4f	GET	/tasks	http://localhost:3001
20240126	23:06:16	9da8aad9-b52c-4fe8-bdf5-eac9379606cc	GET	/tasks	http://localhost:3000
20240126	23:06:29	f1e99eeb-7d5f-4eb0-8af8-5db3c177953d	GET	/tasks	http://localhost:3001
20240126	23:06:31	778e9651-c6c6-4c72-a57a-91d9c69e913d	GET	/tasks	http://localhost:3000
20240126	23:06:36	bdc00bbe-5927-406a-98fe-02cc074fb438	GET	/tasks	http://localhost:3000
20240126	23:06:49	19e8b6e5-9c29-43c9-b83f-af0d8beedfe8	GET	/tasks	http://localhost:3001
20240126	23:06:52	b8872440-f487-41ca-852d-422e07855058	GET	/tasks	http://localhost:3000
20240126	23:06:56	0d862c62-2341-408d-a1ff-0c0c21e8e048	GET	/tasks	http://localhost:3000
20240126	23:07:09	a351b43e-555f-4bb2-aab1-c1b0ef4bde77	GET	/tasks	http://localhost:3001
20240126	23:07:12	3aa53ff3-4ebe-48f9-a01b-15b9e6d9fd3e	GET	/tasks	http://localhost:3000
20240126	23:07:16	1ba57e93-bfd6-4b7e-b8b1-9fff929d1aad	GET	/tasks	http://localhost:3000
20240126	23:07:29	49598313-31c7-4e29-b41a-31af546205a1	GET	/tasks	http://localhost:3001
20240126	23:07:32	93160999-2345-4296-8029-4de9374faf04	GET	/tasks	http://localhost:3000
20240126	23:07:37	b19f5e4c-278b-49fb-9623-9e74e363e086	GET	/tasks	http://localhost:3000
20240126	23:07:49	741a29b4-04d0-432a-a8b3-46d3acdc4ac6	GET	/tasks	http://localhost:3001
20240126	23:07:52	dd5a7393-b33f-42a1-a681-21992e276a00	GET	/tasks	http://localhost:3000
20240126	23:07:57	cb41e022-f612-4351-b7c3-422390f555cc	GET	/tasks	http://localhost:3000
20240126	23:08:06	8e66ff5e-cf94-46d4-af95-dc70620dde95	GET	/tasks	http://localhost:3000
20240126	23:08:07	2ec58ae6-1eb5-41a4-b4fa-0f2ca0328af2	GET	/tasks	http://localhost:3000
20240126	23:08:10	d0c5e5bf-0c8f-485c-b0c4-f963a0ce5477	GET	/tasks	http://localhost:3001
20240126	23:08:17	72c1b211-e187-44b0-b07c-0cf533e58aba	GET	/tasks	http://localhost:3000
20240126	23:08:22	1e24a121-49f3-4e5e-a467-f4ee2285634c	GET	/tasks	http://localhost:3000
20240126	23:08:30	014bcfa1-83f1-4dea-bb70-fe4803379330	GET	/tasks	http://localhost:3001
20240126	23:08:37	5ee8ce1e-2753-431e-bc6a-500b9baa7fff	GET	/tasks	http://localhost:3000
20240126	23:08:42	0383b7b7-0dca-473a-8e8f-9120ddd545f1	GET	/tasks	http://localhost:3000
20240126	23:08:50	ca5803a5-f7ee-4fe9-b9c1-ec5447205061	GET	/tasks	http://localhost:3001
20240126	23:08:57	aab6a1ec-32a1-4451-ba4a-7bbd71ec664b	GET	/tasks	http://localhost:3000
20240126	23:09:02	13084f1d-00fc-46b9-8710-4f2f01874eb3	GET	/tasks	http://localhost:3000
20240126	23:09:07	55104aca-7a50-45ba-adce-31771cf08096	GET	/tasks	http://localhost:3000
20240126	23:09:07	2ae25ce5-1e6b-430c-b603-1c6de3073c06	GET	/tasks	http://localhost:3000
20240126	23:09:10	3f4c0cc3-baa9-46a7-8df0-8a5b0a8410ce	GET	/tasks	http://localhost:3001
20240126	23:09:14	49e6affa-82b4-4d48-a096-b6bdf020bca7	GET	/tasks	http://localhost:3000
20240126	23:09:17	c08a0fe7-6a90-4665-a09d-08d7bd9fdfdf	GET	/tasks	http://localhost:3000
20240126	23:09:27	6d914ccb-5c3c-4a5d-b12c-012861b54f25	GET	/tasks	http://localhost:3000
20240126	23:09:30	65d8bf4d-55b8-44cf-a752-013e47b043e4	GET	/tasks	http://localhost:3001
20240126	23:09:37	70769e4a-0e7f-45d3-9f63-cf605138f96f	GET	/tasks	http://localhost:3000
20240126	23:09:47	20957cd8-7276-4531-a221-1d154b887926	GET	/tasks	http://localhost:3000
20240126	23:09:51	b3e2ee1d-59d5-4db4-a806-cd6f2ea11ee7	GET	/tasks	http://localhost:3001
20240126	23:09:57	f474caa9-92ba-4ccc-982d-f3d4d869809f	GET	/tasks	http://localhost:3000
20240126	23:10:01	b934f718-9937-497a-bd4e-808c443e7ab2	GET	/tasks	http://localhost:3000
20240126	23:10:04	25572cf9-b8b1-4ad6-a75e-24a1123d60f7	POST	/auth/logout	http://localhost:3000
20240126	23:10:07	79eb31ff-5ed3-4264-a593-05d8af41ef15	OPTIONS	/auth	http://localhost:3000
20240126	23:10:07	435c9081-e5a3-4a53-b666-6d63a7d4ff53	POST	/auth	http://localhost:3000
20240126	23:10:11	7c21766f-b05f-4716-be47-4e155beeba77	GET	/tasks	http://localhost:3001
20240126	23:10:13	e2c99b29-e74d-43ee-a078-48d546a4b79c	GET	/tasks	http://localhost:3000
20240126	23:10:17	7c19c443-b79b-4c48-8340-b9566baae54f	GET	/tasks	http://localhost:3000
20240126	23:10:29	51c53c01-a85f-4035-aceb-49f0a1686690	GET	/tasks	http://localhost:3000
20240126	23:10:31	1760b56e-013e-4929-910c-95ca8472d742	GET	/tasks	http://localhost:3001
20240126	23:10:37	bbb07777-49c7-4817-a743-1926595d6b3a	GET	/tasks	http://localhost:3000
20240126	23:10:49	2b65c12d-230e-4d51-839d-cc72e2a32cbd	GET	/tasks	http://localhost:3000
20240126	23:10:51	e96bba5c-7d02-47f6-94ab-94125fc6480e	GET	/tasks	http://localhost:3001
20240126	23:10:58	9818011a-0352-419b-993c-eb7decb0c16e	GET	/tasks	http://localhost:3000
20240126	23:11:09	87b4d849-d83b-4a92-bf86-82362732d7e8	GET	/tasks	http://localhost:3000
20240126	23:11:11	783a0b8b-2e26-448c-8ef7-bb15354f0349	GET	/tasks	http://localhost:3001
20240126	23:11:18	8cf153b5-2d26-4706-90f9-6dd1d4da8280	GET	/tasks	http://localhost:3000
20240126	23:11:30	98e0ad8c-9f6f-4846-b8de-acd8a4c52ee3	GET	/tasks	http://localhost:3000
20240126	23:11:32	1f109692-a5ec-401e-b059-966928b194e2	GET	/tasks	http://localhost:3001
20240126	23:11:38	6c65ee61-0f4e-4478-a777-1d9cd94f274e	GET	/tasks	http://localhost:3000
20240126	23:11:50	e7ab0dee-f144-49a3-bda6-19c0ca43da98	GET	/tasks	http://localhost:3000
20240126	23:11:52	5252673c-e6b0-4123-a959-1059ae80e84a	GET	/tasks	http://localhost:3001
20240126	23:11:58	412b3978-b30b-4a2e-a933-ecb536de593b	GET	/tasks	http://localhost:3000
20240126	23:12:10	cf4982d2-9351-43e9-a15e-2e755dcb7fd0	GET	/tasks	http://localhost:3000
20240126	23:12:12	06da610b-d18d-4ae6-a13c-10ef8f6b523d	GET	/tasks	http://localhost:3001
20240126	23:12:18	1d6f5f30-9e82-4636-8acd-2fe9893ac65f	GET	/tasks	http://localhost:3000
20240126	23:12:30	fc240d77-a56d-4b4a-8afb-c8ab02f7daef	GET	/tasks	http://localhost:3000
20240126	23:12:32	6407ff1a-f4dc-4a19-958d-80f23ae9fc3f	GET	/tasks	http://localhost:3001
20240126	23:12:38	3588ab67-f8b5-46fc-8f6e-187be0139482	GET	/tasks	http://localhost:3000
20240126	23:12:50	ef2eb4b6-f913-4095-863c-abc52eef5ed6	GET	/tasks	http://localhost:3000
20240126	23:12:52	bf0499ef-2852-48ea-892c-b010f7bb9179	GET	/tasks	http://localhost:3001
20240126	23:12:58	4786e51b-5066-4753-b0f2-00c9b331d9b6	GET	/tasks	http://localhost:3000
20240126	23:13:11	822a377f-0cd0-44b0-add9-5b56ebe29774	GET	/tasks	http://localhost:3000
20240126	23:13:12	aa628225-4a03-44d1-8680-228cc9715eae	GET	/tasks	http://localhost:3001
20240126	23:13:18	7a363c44-b59c-45c9-80fa-9d1fedbc30f0	GET	/tasks	http://localhost:3000
20240126	23:13:31	03339d07-b8f2-4590-b1da-4519d88c8b2e	GET	/tasks	http://localhost:3000
20240126	23:13:33	c26fa117-0d55-4fc0-8ab5-63d9d7c1ffa3	GET	/tasks	http://localhost:3001
20240126	23:13:38	11916f33-ec97-42aa-a3c4-dda9aab0f383	GET	/tasks	http://localhost:3000
20240126	23:13:51	11faaf65-a006-498c-b5ef-b63981fd4912	GET	/tasks	http://localhost:3000
20240126	23:13:53	9cb91024-d793-4e39-b0c3-d5cb3209a859	GET	/tasks	http://localhost:3001
20240126	23:13:58	49f70660-1c67-438a-bd05-7cb59d277ff4	GET	/tasks	http://localhost:3000
20240126	23:14:11	1e6d02dd-76c7-48f7-8550-8992e5f5841a	GET	/tasks	http://localhost:3000
20240126	23:14:13	b6fbccaf-cea4-41c8-9845-4dd672168686	GET	/tasks	http://localhost:3001
20240126	23:14:18	b866f1ab-204c-41d8-823b-5d2497193acd	GET	/tasks	http://localhost:3000
20240126	23:14:31	3af15401-3b3d-4193-9fd5-439a6c0f093a	GET	/tasks	http://localhost:3000
20240126	23:14:33	2283dcc6-1e9d-48fb-9390-aefcc671a00a	GET	/tasks	http://localhost:3001
20240126	23:14:38	9ece5f53-e70a-4c44-bf4a-258fe7c6c3e6	GET	/tasks	http://localhost:3000
20240126	23:14:52	09ff947e-f728-4030-8f30-e58960e0316d	GET	/tasks	http://localhost:3000
20240126	23:14:53	38ce7e4b-da45-41f0-b755-3a19de111337	GET	/tasks	http://localhost:3001
20240126	23:14:58	5a41de57-fd6d-4739-a29b-1b0b69d431a7	GET	/tasks	http://localhost:3000
20240126	23:15:12	f9b2e4de-8f3a-45f5-b701-24054317d46d	GET	/tasks	http://localhost:3000
20240126	23:15:14	2b7bc94c-5482-40eb-8e52-9f5b97ba0786	GET	/tasks	http://localhost:3001
20240126	23:15:18	bdbfb435-890d-43d6-88bf-a26cbf4dea11	GET	/tasks	http://localhost:3000
20240126	23:15:32	c804c74a-51f4-427e-9439-66fc32fb65bd	GET	/tasks	http://localhost:3000
20240126	23:15:34	b3170178-8430-404e-9b1c-5c861bdd17d1	GET	/tasks	http://localhost:3001
20240126	23:15:38	c8ede0c0-f1ff-4440-81c1-ae2127c8dc5f	GET	/tasks	http://localhost:3000
20240126	23:15:52	093201fe-b1bd-4d01-ab7b-683e34296308	GET	/tasks	http://localhost:3000
20240126	23:15:54	a4cc9ca6-a395-4360-80c4-4b17a5dd6097	GET	/tasks	http://localhost:3001
20240126	23:15:59	375667e5-1978-44f8-b4da-081596218be1	GET	/tasks	http://localhost:3000
20240126	23:16:12	5992014e-fb72-4185-8aac-2f147944425f	GET	/tasks	http://localhost:3000
20240126	23:16:14	e09a7828-b321-4988-951d-73cda0d435ae	GET	/tasks	http://localhost:3001
20240126	23:16:19	3c825f9f-ca6a-4b52-8512-7f3362f3a607	GET	/tasks	http://localhost:3000
20240126	23:16:32	0b43b682-9303-4eae-acae-4a0ee17d6ba1	GET	/tasks	http://localhost:3000
20240126	23:16:34	355d3a46-cd51-45f3-b438-41025b0c901e	GET	/tasks	http://localhost:3001
20240126	23:16:39	f0cb584e-ffdb-444b-8d74-7c565ea18865	GET	/tasks	http://localhost:3000
20240126	23:16:53	f4941389-9c56-4846-b9ef-5047c77d28e9	GET	/tasks	http://localhost:3000
20240126	23:16:55	88dea7f7-2f6c-462a-87ce-f2ad10691368	GET	/tasks	http://localhost:3001
20240126	23:16:59	45b540d4-237a-4bd6-b859-a4b5d17f7378	GET	/tasks	http://localhost:3000
20240126	23:17:13	4e82d671-17d8-4065-9116-d4e0e4b54f32	GET	/tasks	http://localhost:3000
20240126	23:17:15	0d385be0-7944-4331-adfe-32d537e7f858	GET	/tasks	http://localhost:3001
20240126	23:17:19	1b4fa804-7e8b-42ba-b547-39034fd21c3e	GET	/tasks	http://localhost:3000
20240126	23:17:33	8fd25fe3-a79d-488d-8d3e-59a2ed68e914	GET	/tasks	http://localhost:3000
20240126	23:17:35	a601f536-0c75-4bd8-8950-4306d7a41241	GET	/tasks	http://localhost:3001
20240126	23:17:39	94b08d30-803f-4037-a733-c1c65b66b8f9	GET	/tasks	http://localhost:3000
20240126	23:17:53	47652835-5a38-4d61-8ea4-2770a99b0295	GET	/tasks	http://localhost:3000
20240126	23:17:55	50b2f247-fef0-4b82-8215-be8dc210f7f7	GET	/tasks	http://localhost:3001
20240126	23:17:59	9af2a4f4-da2b-4b8f-85a6-d49de7fffa38	GET	/tasks	http://localhost:3000
20240126	23:18:13	0a44f782-9920-4836-b5fb-99127b231c00	GET	/tasks	http://localhost:3000
20240126	23:18:15	00d7e421-e5d3-4009-960f-06686dbd071d	GET	/tasks	http://localhost:3001
20240126	23:18:19	d3a9797d-3fa3-42c5-adfb-32d816ca9b71	GET	/tasks	http://localhost:3000
20240126	23:18:34	53c812ce-5c52-42fa-8f8a-b9804e1242bc	GET	/tasks	http://localhost:3000
20240126	23:18:36	330412f9-09e4-4a27-9831-f4ae56a30f63	GET	/tasks	http://localhost:3001
20240126	23:18:39	46b8e143-5871-4f50-8dbf-69eed98f6f45	GET	/tasks	http://localhost:3000
20240126	23:18:54	45029de2-924c-4480-91ea-7108f7e32777	GET	/tasks	http://localhost:3000
20240126	23:18:56	4255fa94-22f9-4cf9-b21f-ecaa69ecd22a	GET	/tasks	http://localhost:3001
20240126	23:18:59	9dc8ca36-052f-4412-9055-f62c8e9b95ce	GET	/tasks	http://localhost:3000
20240126	23:19:00	a021471a-572e-41fe-bed5-9dc12cdba236	GET	/tasks	http://localhost:3000
20240126	23:19:12	1d369231-c9dc-43e6-9231-7a54aaeb06e0	GET	/tasks	http://localhost:3000
20240126	23:19:16	8f0fd147-08a3-4e3b-bbf4-86058c988d4a	GET	/tasks	http://localhost:3001
20240126	23:19:20	3c204dbf-ba46-4ff2-a26c-d803bf29c58b	GET	/tasks	http://localhost:3000
20240126	23:19:22	413c429c-95ef-41bd-8bc3-d81e99b74e6f	GET	/tasks	http://localhost:3000
20240126	23:19:36	8b0c3bc1-12b7-4cb2-ba30-4d5fff58dfae	GET	/tasks	http://localhost:3001
20240126	23:19:40	fdb88681-1378-443f-b6cf-087e2c2ae29a	GET	/tasks	http://localhost:3000
20240126	23:19:42	4dd3adc8-29eb-4996-b713-e8b4a367f151	GET	/tasks	http://localhost:3000
20240126	23:19:49	1a7de05d-f7af-49e8-b974-88a0b7572d26	GET	/tasks	http://localhost:3000
20240126	23:19:51	e3745063-90ab-43d2-a944-0615ce654d1f	GET	/tasks	http://localhost:3000
20240126	23:19:53	a5479ebb-3296-4661-96e1-fe86af178a4e	GET	/tasks	http://localhost:3000
20240126	23:19:55	c354f8cb-8304-4306-ab3b-80543e0a14d5	GET	/tasks	http://localhost:3000
20240126	23:19:56	8dfb0d20-dbe2-4ab4-9b03-8e686d61925a	GET	/tasks	http://localhost:3001
20240126	23:20:00	e88e64eb-8d54-4f83-a929-b4eca2e45edd	GET	/tasks	http://localhost:3000
20240126	23:20:04	02803350-b65b-42c4-ad06-014d897df4fe	GET	/tasks	http://localhost:3000
20240126	23:20:06	ec12c085-8bc8-4cda-9913-ac0a75e3f143	GET	/tasks	http://localhost:3000
20240126	23:20:09	ed1c878f-0e10-4dc4-810f-d1c44ee74f79	GET	/tasks	http://localhost:3000
20240126	23:20:12	d6fc8073-3721-4b58-b67d-226f468eba64	GET	/tasks	http://localhost:3000
20240126	23:20:15	00b384bd-0091-49cd-931c-754043e43a6f	GET	/tasks	http://localhost:3001
20240126	23:20:16	22b6590d-b9c0-4bff-9854-80afa897ac67	GET	/tasks	http://localhost:3000
20240126	23:20:19	9e1e8182-f3c8-4427-bba7-36f2772694dd	POST	/auth/logout	http://localhost:3000
20240126	23:20:25	c706bf32-22d2-458d-b9d6-8cf999883997	OPTIONS	/auth	http://localhost:3000
20240126	23:20:25	3f3716fc-51e5-4986-8328-e488c8c7a730	POST	/auth	http://localhost:3000
20240126	23:20:27	0dab9557-3641-41e4-9584-3237f32d5e2e	POST	/auth	http://localhost:3000
20240126	23:20:34	e5599ec6-88dd-45e9-9744-b8f7d733dbfb	GET	/tasks	http://localhost:3000
20240126	23:20:35	cf929363-c78e-4517-8777-12ed1ecfb638	GET	/tasks	http://localhost:3001
20240126	23:20:41	5f434627-2f63-4407-9c61-c25e48f37ec7	GET	/tasks	http://localhost:3000
20240126	23:20:48	74b086c0-4900-4925-8fb4-869ccfb58b5b	GET	/tasks	http://localhost:3000
20240126	23:20:50	2c07f0c0-6c3a-41c5-981d-e8c5cbeeff40	GET	/tasks	http://localhost:3000
20240126	23:20:51	2ad5c9af-fe95-4152-9fec-43d08af787fc	GET	/tasks	http://localhost:3000
20240126	23:20:52	5b101b7b-3733-4cc8-be3d-c3bc3562979e	POST	/auth/logout	http://localhost:3000
20240126	23:20:55	f3883775-fafe-4836-994d-d4f2d4764e37	GET	/tasks	http://localhost:3001
20240126	23:21:14	84da0326-d1aa-44b9-b814-93cb7a24285e	OPTIONS	/auth	http://localhost:3000
20240126	23:21:14	8b65008b-4514-4784-be4b-df0623c3b707	POST	/auth	http://localhost:3000
20240126	23:21:15	3bccf292-f221-46a2-b43d-85f637f765bb	GET	/tasks	http://localhost:3001
20240126	23:21:21	6230c7ed-36c4-4368-a421-6deb2be61fbf	GET	/tasks	http://localhost:3000
20240126	23:21:36	40d4db02-14d0-4d41-8a19-8b2cfc218e92	GET	/tasks	http://localhost:3001
20240126	23:21:41	5c5f14a0-23f8-4abd-a9a9-8e49a0ed08e8	GET	/tasks	http://localhost:3000
20240126	23:21:56	e36eccef-18aa-4a44-98b3-b3f06c2e4a3d	GET	/tasks	http://localhost:3001
20240126	23:22:01	0c6de3db-d21b-4138-87be-bd52c2d49b42	GET	/tasks	http://localhost:3000
20240126	23:22:03	5ef640f6-11a9-48eb-8845-94ec8b4de392	GET	/tasks	http://localhost:3000
20240126	23:22:16	f6cddadf-e9fd-429b-8cdd-9949f43d2bfb	GET	/tasks	http://localhost:3001
20240126	23:22:24	2d88f145-9373-44fb-a805-5fa073b22299	GET	/tasks	http://localhost:3000
20240126	23:22:36	19dd3674-4df7-4b6b-bfc9-664ddc6cfce9	GET	/tasks	http://localhost:3001
20240126	23:22:44	ed851f6b-8edb-4ec1-b5a7-a16cc4e7d08c	GET	/tasks	http://localhost:3000
20240126	23:22:50	722626e7-c592-43ed-9a45-ce331b7463c9	GET	/tasks	http://localhost:3000
20240126	23:22:51	3b864514-311f-4e5d-a1a5-5a411b8ff6e5	GET	/tasks	http://localhost:3000
20240126	23:22:56	8b3d71a6-7964-40b8-a8f3-809c1aeeee65	GET	/tasks	http://localhost:3001
20240126	23:23:11	6510df9b-9409-49a0-aafd-3bb58d27bbd5	GET	/tasks	http://localhost:3000
20240126	23:23:16	fbbd27d0-6dfa-487b-9d28-788cd8cfd939	GET	/tasks	http://localhost:3001
20240126	23:23:31	51acf31f-840f-4cd8-9d53-e46007f2b35c	GET	/tasks	http://localhost:3000
20240126	23:23:37	1a82a1fe-3f62-4801-a675-c64b5c578535	GET	/tasks	http://localhost:3001
20240126	23:23:51	c1ebf3c4-9f81-4467-a869-d479d2a3ec13	GET	/tasks	http://localhost:3000
20240126	23:23:57	de427cb4-8643-4fd8-bae7-e6e20c8d34e0	GET	/tasks	http://localhost:3001
20240126	23:24:11	f4698bd0-ea52-49e6-803c-7752e592d0dd	GET	/tasks	http://localhost:3000
20240126	23:24:17	ff3d4a13-a50a-4bbe-b145-bb2e6ddd6857	GET	/tasks	http://localhost:3001
20240126	23:24:32	40714c9c-5441-4491-8663-67607a57da36	GET	/tasks	http://localhost:3000
20240126	23:24:37	d3ea004a-77f4-41f7-abcf-c63935ab4f1d	GET	/tasks	http://localhost:3001
20240126	23:24:52	f1e75a04-41a8-44d7-bbca-1235d5ad8820	GET	/tasks	http://localhost:3000
20240126	23:24:57	ae93bc58-fb62-4cf7-bce2-293a636fb0ff	GET	/tasks	http://localhost:3001
20240126	23:25:12	0b3e61e9-7fd3-4e0d-bf72-421707791f8b	GET	/tasks	http://localhost:3000
20240126	23:25:18	003dc2fc-9657-4226-b929-e88b3442b979	GET	/tasks	http://localhost:3001
20240126	23:25:34	069118e9-e1a4-4476-ba62-5ef2d17f95db	GET	/tasks	http://localhost:3000
20240126	23:25:38	66a5da47-7ae2-48d9-a0e5-059429e80da6	GET	/tasks	http://localhost:3001
20240126	23:25:54	9292aa81-3b01-468b-95c6-434ddb31f992	GET	/tasks	http://localhost:3000
20240126	23:25:58	99d84b0a-5770-427e-b8da-4daade79220a	GET	/tasks	http://localhost:3001
20240126	23:26:04	6b74bb77-a14d-4a91-9778-c193d9980eb6	GET	/tasks	http://localhost:3000
20240126	23:26:04	36f34791-7db3-4d53-98c6-fc557ae56429	GET	/tasks	http://localhost:3000
20240126	23:26:18	ada55066-ce93-4e5e-b857-27bb76de306b	GET	/tasks	http://localhost:3001
20240126	23:26:22	2f1ed32c-fd97-4c13-8cce-45da156b0cf1	GET	/tasks	http://localhost:3000
20240126	23:26:31	6bd5e366-7284-484a-864f-90c573658d01	GET	/tasks	http://localhost:3000
20240126	23:26:37	3457425d-0906-4c2a-8bb9-43d4a545e8c7	GET	/tasks	http://localhost:3000
20240126	23:26:38	803558d8-d645-4e7d-81e0-60be7d064342	GET	/tasks	http://localhost:3001
20240126	23:26:45	d00dbeab-e13a-43af-a108-6b4ad8bf759b	GET	/tasks	http://localhost:3000
20240126	23:26:45	66fe014b-162b-43e9-882f-f55a897d0b2c	GET	/tasks	http://localhost:3000
20240126	23:26:58	6b3f78ec-4139-47e9-a895-9505ca04316e	GET	/tasks	http://localhost:3001
20240126	23:27:05	8752deef-3a29-413d-8386-f23d56ebfd3f	GET	/tasks	http://localhost:3000
20240126	23:27:10	ce6dc2d7-4c6f-409f-94ca-c6a1436c766d	GET	/tasks	http://localhost:3000
20240126	23:27:19	61fe348b-5f00-416d-b5b4-fd7d8cf31397	GET	/tasks	http://localhost:3001
20240126	23:27:31	fb263160-95da-4a1b-aef4-23a6e30bba7d	GET	/tasks	http://localhost:3000
20240126	23:27:39	69513114-4d68-4abd-aaad-89b8c6cb4ee0	GET	/tasks	http://localhost:3001
20240126	23:27:48	8ba61b0d-c665-4ecb-8aa0-cabb664d1ecc	GET	/tasks	http://localhost:3000
20240126	23:27:49	892ab16b-31f0-4bae-a68d-f71dc90b2bef	GET	/tasks	http://localhost:3000
20240126	23:27:59	dbe8a8f8-48b5-450d-8a5d-548c7c1da680	GET	/tasks	http://localhost:3001
20240126	23:28:10	b98bc1c5-3862-45da-a15c-ecb296d8a8ff	GET	/tasks	http://localhost:3000
20240126	23:28:19	828e45bd-1fe0-42aa-a472-67bd08e77d26	GET	/tasks	http://localhost:3001
20240126	23:28:30	0b17ded0-df27-46a2-86e1-25dd093bb55e	GET	/tasks	http://localhost:3000
20240126	23:28:39	e6ebf255-c134-4bc1-a6e4-4301bdbd0980	GET	/tasks	http://localhost:3001
20240126	23:28:51	e0903fbb-9991-4fe6-aaaf-e3bae6daa761	GET	/tasks	http://localhost:3000
20240126	23:29:00	46f6fbb9-228e-408b-8e19-e3a77849bb07	GET	/tasks	http://localhost:3001
20240126	23:29:11	1d68bfae-ab8c-40d4-8e53-2f6a206e2ea1	GET	/tasks	http://localhost:3000
20240126	23:29:20	179846ec-7931-4f4b-a4c5-0c73373dde2d	GET	/tasks	http://localhost:3001
20240126	23:29:31	dba2df64-6dd4-4149-a7ad-6d1dd82cccd1	GET	/tasks	http://localhost:3000
20240126	23:29:40	97ee43c2-44ff-4c2c-b910-29f714a14c7a	GET	/tasks	http://localhost:3001
20240126	23:29:51	0018fde1-80c3-41fd-858d-5658511b68a3	GET	/tasks	http://localhost:3000
20240126	23:30:00	671859e5-9e7f-48d3-955b-b704f402a841	GET	/tasks	http://localhost:3001
20240126	23:30:11	7c9e8fda-b941-4f01-b5f5-b14882b2ebf7	GET	/tasks	http://localhost:3000
20240126	23:30:20	08af5a4c-fc24-4c1c-9e85-17842ae7815c	GET	/tasks	http://localhost:3001
20240126	23:30:31	4fcd4074-26bc-42d1-86a8-5769e9e046a9	GET	/tasks	http://localhost:3000
20240126	23:30:41	1300ede9-206e-4c2c-a98c-3b174253fac2	GET	/tasks	http://localhost:3001
20240126	23:30:52	3a6d0cd4-2983-438e-bb20-c2b38ca73dda	GET	/tasks	http://localhost:3000
20240126	23:31:01	50b2fffd-2fb4-456c-8818-fa36cc664a67	GET	/tasks	http://localhost:3001
20240126	23:31:12	602038d7-8a36-4bad-ad85-c8671aa41b3c	GET	/tasks	http://localhost:3000
20240126	23:31:21	e5feada5-de5f-4c53-acdd-5bd1d3154b8b	GET	/tasks	http://localhost:3001
20240126	23:31:32	f337fd7e-ea3f-402b-88a1-b29299c7790d	GET	/tasks	http://localhost:3000
20240126	23:31:41	d1f5c922-60a0-48d0-8ce1-81d6fbeef0a4	GET	/tasks	http://localhost:3001
20240126	23:31:52	1ae8be35-ed4a-40f0-ab59-295134dbc5b4	GET	/tasks	http://localhost:3000
20240126	23:32:01	96411d6f-88af-4520-8958-61c93ce065d7	GET	/tasks	http://localhost:3001
20240126	23:32:13	66535c96-5e09-4e39-9558-2bf5134517d7	GET	/tasks	http://localhost:3000
20240126	23:32:21	c3e38909-4ad1-4a72-9d04-00a33055acca	GET	/tasks	http://localhost:3001
20240126	23:32:33	489a9d0a-92cf-4ad5-b972-6f1f3da2ca26	GET	/tasks	http://localhost:3000
20240126	23:32:42	66fffbb2-5ade-4148-aa54-e0ce46a9066f	GET	/tasks	http://localhost:3001
20240126	23:32:53	3898a5e8-be37-497d-b428-9b8de3fd8a45	GET	/tasks	http://localhost:3000
20240126	23:33:02	c5db3caf-6f94-45ab-ae2c-ccdd91177435	GET	/tasks	http://localhost:3001
20240126	23:33:13	1e1fec41-82e7-46f8-8340-f32ef211487a	GET	/tasks	http://localhost:3000
20240126	23:33:22	4825e7ce-3a1f-450b-b44d-5aebc89a8556	GET	/tasks	http://localhost:3001
20240126	23:33:33	c9c08ccf-8edf-4f3b-ae7f-4059f036628d	GET	/tasks	http://localhost:3000
20240126	23:33:42	844b4b13-ad1b-487e-8f5a-f95fe09d672a	GET	/tasks	http://localhost:3001
20240126	23:33:51	9dc185fd-b691-48ba-b4be-81a274c77620	GET	/tasks	http://localhost:3000
20240126	23:34:02	13ee6510-c877-4e3e-a016-1c124e5645ad	GET	/tasks	http://localhost:3001
20240126	23:34:12	b01f3895-e682-4b3a-be11-bb14c4f37286	GET	/tasks	http://localhost:3000
20240126	23:34:22	e9a82067-5c02-4e68-b959-2b6c1acb931d	GET	/tasks	http://localhost:3001
20240126	23:34:32	5def8416-ce1f-46b1-8897-63292dc449d6	GET	/tasks	http://localhost:3000
20240126	23:34:37	a61083b0-e003-4a8e-9c92-8f7a2fd760a1	GET	/tasks	http://localhost:3000
20240126	23:34:43	5e0bb914-2f23-43f4-bf09-e4a474ad1a5a	GET	/tasks	http://localhost:3001
20240126	23:34:57	7203e944-8d65-46c1-854b-949c01c465b3	GET	/tasks	http://localhost:3000
20240126	23:35:00	8c758f52-e53a-4a0e-8159-3ffad0febb30	GET	/tasks	http://localhost:3000
20240126	23:35:03	5116ca55-f08c-432a-adad-ba34cdf7c7cb	GET	/tasks	http://localhost:3001
20240126	23:35:19	00f3ab9b-cdf6-4e25-8a72-8a78f41c8f0a	GET	/tasks	http://localhost:3000
20240126	23:35:22	d28b7945-24e5-445c-88e8-25670f20b32d	GET	/tasks	http://localhost:3000
20240126	23:35:22	c284e8f7-7fe4-4b20-b089-28dfbb57ad50	GET	/tasks	http://localhost:3000
20240126	23:35:23	92fdd689-c1f6-4d81-b494-05060ae03142	GET	/tasks	http://localhost:3001
20240126	23:35:35	15a5e7cb-7c8f-4bbf-9560-e63d84d611da	GET	/tasks	http://localhost:3000
20240126	23:35:37	6cdb7556-f2b0-473f-a287-b2dedcb49eb6	GET	/tasks	http://localhost:3000
20240126	23:35:43	6c73951f-fa77-4be0-8a25-cb9d779bf449	GET	/tasks	http://localhost:3001
20240126	23:35:48	2717020e-36fe-46c9-8b58-56e1271c931f	OPTIONS	/tasks	http://localhost:3000
20240126	23:35:48	cb9194ec-0bbf-480b-a4d3-f630bc2c7815	POST	/tasks	http://localhost:3000
20240126	23:35:48	e6ddd49e-4435-463f-a3e9-a4eea54a6ecc	GET	/tasks	http://localhost:3000
20240126	23:36:01	21d7de01-8a66-4e0b-a220-755bd87dbff2	GET	/tasks	http://localhost:3000
20240126	23:36:03	24449abb-ff7e-4ba1-be82-076fad838722	GET	/tasks	http://localhost:3001
20240126	23:36:08	a7b40a05-af9d-46f6-9c0e-c6a54f3cc150	GET	/tasks	http://localhost:3001
20240126	23:36:19	03000a5c-0acf-4be5-80c8-5a6670ce426d	GET	/tasks	http://localhost:3000
20240126	23:36:30	7837f022-5a83-4691-84d1-e33f603f1372	GET	/tasks	http://localhost:3000
20240126	23:36:35	7693eba8-00ab-4c95-ad76-f849f999772d	GET	/tasks	http://localhost:3000
20240126	23:36:35	c32226d3-1eee-431b-b8da-a1210b6733d6	GET	/tasks	http://localhost:3000
20240126	23:36:55	efdc70ed-81a4-4d9d-9740-077f0bab26ac	GET	/tasks	http://localhost:3000
20240126	23:37:15	b8ea8de0-6688-4dbd-b9b9-f472936f2d37	GET	/tasks	http://localhost:3000
20240126	23:37:35	892bc980-4f0c-4cc8-808d-dbfe5d904bc6	GET	/tasks	http://localhost:3000
20240126	23:37:55	4f1a95a2-c60a-4b08-a07c-697db5e1b602	GET	/tasks	http://localhost:3000
20240126	23:38:16	bf8c7467-8f74-4eb2-a1d2-0275f5f6d984	GET	/tasks	http://localhost:3000
20240126	23:38:26	88ca5eff-053e-430a-9325-c35465eca951	GET	/tasks	http://localhost:3000
20240126	23:38:47	45278f0a-0e75-4ac4-9b1a-2ce454d22ebb	GET	/tasks	http://localhost:3000
20240126	23:38:51	a69f8ddc-05fd-4df8-8244-a4c23a404e80	GET	/tasks	http://localhost:3000
20240126	23:39:08	e3f0676d-8d4b-412e-ba80-ca3303fd7d40	GET	/tasks	http://localhost:3000
